<?xml version="1.0" encoding="UTF-8"?>
<coverage generated="1557857023591" clover="3.2.0">
  <project timestamp="1557857023591" name="All files">
    <metrics statements="36" coveredstatements="36" conditionals="12" coveredconditionals="9" methods="13" coveredmethods="13" elements="61" coveredelements="58" complexity="0" loc="36" ncloc="36" packages="4" files="6" classes="6"/>
    <package name="lib.actions">
      <metrics statements="10" coveredstatements="10" conditionals="0" coveredconditionals="0" methods="4" coveredmethods="4"/>
      <file name="index.js" path="/Users/jessicahansen/turing/mod4/palette-picker/FE-Palette-Picker/palette-picker/lib/actions/index.js">
        <metrics statements="10" coveredstatements="10" conditionals="0" coveredconditionals="0" methods="4" coveredmethods="4"/>
        <line num="3" count="1" type="stmt"/>
        <line num="6" count="1" type="stmt"/>
        <line num="8" count="1" type="stmt"/>
        <line num="13" count="1" type="stmt"/>
        <line num="15" count="1" type="stmt"/>
        <line num="20" count="1" type="stmt"/>
        <line num="22" count="1" type="stmt"/>
        <line num="27" count="1" type="stmt"/>
        <line num="29" count="1" type="stmt"/>
        <line num="34" count="1" type="stmt"/>
      </file>
    </package>
    <package name="src.actions">
      <metrics statements="4" coveredstatements="4" conditionals="0" coveredconditionals="0" methods="4" coveredmethods="4"/>
      <file name="index.js" path="/Users/jessicahansen/turing/mod4/palette-picker/FE-Palette-Picker/palette-picker/src/actions/index.js">
        <metrics statements="4" coveredstatements="4" conditionals="0" coveredconditionals="0" methods="4" coveredmethods="4"/>
        <line num="1" count="5" type="stmt"/>
        <line num="6" count="5" type="stmt"/>
        <line num="11" count="5" type="stmt"/>
        <line num="16" count="5" type="stmt"/>
      </file>
    </package>
    <package name="src.reducers">
      <metrics statements="13" coveredstatements="13" conditionals="10" coveredconditionals="7" methods="3" coveredmethods="3"/>
      <file name="colorsReducer.js" path="/Users/jessicahansen/turing/mod4/palette-picker/FE-Palette-Picker/palette-picker/src/reducers/colorsReducer.js">
        <metrics statements="4" coveredstatements="4" conditionals="3" coveredconditionals="2" methods="1" coveredmethods="1"/>
        <line num="1" count="1" type="cond" truecount="0" falsecount="1"/>
        <line num="2" count="2" type="cond" truecount="2" falsecount="0"/>
        <line num="4" count="1" type="stmt"/>
        <line num="6" count="1" type="stmt"/>
      </file>
      <file name="errorReducer.js" path="/Users/jessicahansen/turing/mod4/palette-picker/FE-Palette-Picker/palette-picker/src/reducers/errorReducer.js">
        <metrics statements="4" coveredstatements="4" conditionals="3" coveredconditionals="2" methods="1" coveredmethods="1"/>
        <line num="1" count="1" type="cond" truecount="0" falsecount="1"/>
        <line num="2" count="2" type="cond" truecount="2" falsecount="0"/>
        <line num="4" count="1" type="stmt"/>
        <line num="6" count="1" type="stmt"/>
      </file>
      <file name="projectsReducer.js" path="/Users/jessicahansen/turing/mod4/palette-picker/FE-Palette-Picker/palette-picker/src/reducers/projectsReducer.js">
        <metrics statements="5" coveredstatements="5" conditionals="4" coveredconditionals="3" methods="1" coveredmethods="1"/>
        <line num="1" count="1" type="cond" truecount="0" falsecount="1"/>
        <line num="2" count="3" type="cond" truecount="3" falsecount="0"/>
        <line num="4" count="1" type="stmt"/>
        <line num="6" count="1" type="stmt"/>
        <line num="8" count="1" type="stmt"/>
      </file>
    </package>
    <package name="src.thunks">
      <metrics statements="9" coveredstatements="9" conditionals="2" coveredconditionals="2" methods="2" coveredmethods="2"/>
      <file name="fetchProjects.js" path="/Users/jessicahansen/turing/mod4/palette-picker/FE-Palette-Picker/palette-picker/src/thunks/fetchProjects.js">
        <metrics statements="9" coveredstatements="9" conditionals="2" coveredconditionals="2" methods="2" coveredmethods="2"/>
        <line num="3" count="1" type="stmt"/>
        <line num="4" count="2" type="stmt"/>
        <line num="5" count="2" type="stmt"/>
        <line num="6" count="2" type="stmt"/>
        <line num="7" count="2" type="cond" truecount="2" falsecount="0"/>
        <line num="8" count="1" type="stmt"/>
        <line num="10" count="1" type="stmt"/>
        <line num="11" count="1" type="stmt"/>
        <line num="13" count="1" type="stmt"/>
      </file>
    </package>
  </project>
</coverage>
