{"/Users/jessicahansen/turing/mod4/palette-picker/FE-Palette-Picker/src/actions/index.js": {"path":"/Users/jessicahansen/turing/mod4/palette-picker/FE-Palette-Picker/src/actions/index.js","statementMap":{"0":{"start":{"line":1,"column":24},"end":{"line":4,"column":2}},"1":{"start":{"line":1,"column":38},"end":{"line":4,"column":1}},"2":{"start":{"line":6,"column":29},"end":{"line":9,"column":2}},"3":{"start":{"line":6,"column":44},"end":{"line":9,"column":1}},"4":{"start":{"line":11,"column":27},"end":{"line":14,"column":2}},"5":{"start":{"line":11,"column":40},"end":{"line":14,"column":1}},"6":{"start":{"line":16,"column":26},"end":{"line":19,"column":2}},"7":{"start":{"line":16,"column":43},"end":{"line":19,"column":1}},"8":{"start":{"line":21,"column":26},"end":{"line":24,"column":2}},"9":{"start":{"line":21,"column":43},"end":{"line":24,"column":1}},"10":{"start":{"line":26,"column":29},"end":{"line":29,"column":2}},"11":{"start":{"line":26,"column":44},"end":{"line":29,"column":1}}},"fnMap":{"0":{"name":"(anonymous_0)","decl":{"start":{"line":1,"column":24},"end":{"line":1,"column":25}},"loc":{"start":{"line":1,"column":38},"end":{"line":4,"column":1}},"line":1},"1":{"name":"(anonymous_1)","decl":{"start":{"line":6,"column":29},"end":{"line":6,"column":30}},"loc":{"start":{"line":6,"column":44},"end":{"line":9,"column":1}},"line":6},"2":{"name":"(anonymous_2)","decl":{"start":{"line":11,"column":27},"end":{"line":11,"column":28}},"loc":{"start":{"line":11,"column":40},"end":{"line":14,"column":1}},"line":11},"3":{"name":"(anonymous_3)","decl":{"start":{"line":16,"column":26},"end":{"line":16,"column":27}},"loc":{"start":{"line":16,"column":43},"end":{"line":19,"column":1}},"line":16},"4":{"name":"(anonymous_4)","decl":{"start":{"line":21,"column":26},"end":{"line":21,"column":27}},"loc":{"start":{"line":21,"column":43},"end":{"line":24,"column":1}},"line":21},"5":{"name":"(anonymous_5)","decl":{"start":{"line":26,"column":29},"end":{"line":26,"column":30}},"loc":{"start":{"line":26,"column":44},"end":{"line":29,"column":1}},"line":26}},"branchMap":{},"s":{"0":16,"1":14,"2":16,"3":5,"4":16,"5":3,"6":16,"7":4,"8":16,"9":4,"10":16,"11":5},"f":{"0":14,"1":5,"2":3,"3":4,"4":4,"5":5},"b":{},"_coverageSchema":"43e27e138ebf9cfc5966b082cf9a028302ed4184","hash":"9800fff6f8461cefa0e2337043b36db467074e41"}
,"/Users/jessicahansen/turing/mod4/palette-picker/FE-Palette-Picker/src/containers/App/App.js": {"path":"/Users/jessicahansen/turing/mod4/palette-picker/FE-Palette-Picker/src/containers/App/App.js","statementMap":{"0":{"start":{"line":12,"column":4},"end":{"line":12,"column":30}},"1":{"start":{"line":13,"column":4},"end":{"line":13,"column":30}},"2":{"start":{"line":14,"column":4},"end":{"line":14,"column":30}},"3":{"start":{"line":17,"column":24},"end":{"line":24,"column":3}},"4":{"start":{"line":18,"column":23},"end":{"line":18,"column":25}},"5":{"start":{"line":19,"column":4},"end":{"line":22,"column":5}},"6":{"start":{"line":19,"column":17},"end":{"line":19,"column":18}},"7":{"start":{"line":20,"column":26},"end":{"line":20,"column":73}},"8":{"start":{"line":21,"column":6},"end":{"line":21,"column":68}},"9":{"start":{"line":23,"column":4},"end":{"line":23,"column":40}},"10":{"start":{"line":27,"column":4},"end":{"line":41,"column":6}},"11":{"start":{"line":45,"column":31},"end":{"line":49,"column":2}},"12":{"start":{"line":45,"column":43},"end":{"line":49,"column":1}},"13":{"start":{"line":51,"column":34},"end":{"line":55,"column":2}},"14":{"start":{"line":51,"column":49},"end":{"line":55,"column":1}},"15":{"start":{"line":52,"column":23},"end":{"line":52,"column":48}},"16":{"start":{"line":53,"column":27},"end":{"line":53,"column":56}},"17":{"start":{"line":54,"column":23},"end":{"line":54,"column":48}}},"fnMap":{"0":{"name":"(anonymous_0)","decl":{"start":{"line":11,"column":2},"end":{"line":11,"column":3}},"loc":{"start":{"line":11,"column":22},"end":{"line":15,"column":3}},"line":11},"1":{"name":"(anonymous_1)","decl":{"start":{"line":17,"column":24},"end":{"line":17,"column":25}},"loc":{"start":{"line":17,"column":30},"end":{"line":24,"column":3}},"line":17},"2":{"name":"(anonymous_2)","decl":{"start":{"line":26,"column":2},"end":{"line":26,"column":3}},"loc":{"start":{"line":26,"column":11},"end":{"line":42,"column":3}},"line":26},"3":{"name":"(anonymous_3)","decl":{"start":{"line":45,"column":31},"end":{"line":45,"column":32}},"loc":{"start":{"line":45,"column":43},"end":{"line":49,"column":1}},"line":45},"4":{"name":"(anonymous_4)","decl":{"start":{"line":51,"column":34},"end":{"line":51,"column":35}},"loc":{"start":{"line":51,"column":49},"end":{"line":55,"column":1}},"line":51},"5":{"name":"(anonymous_5)","decl":{"start":{"line":52,"column":17},"end":{"line":52,"column":18}},"loc":{"start":{"line":52,"column":23},"end":{"line":52,"column":48}},"line":52},"6":{"name":"(anonymous_6)","decl":{"start":{"line":53,"column":15},"end":{"line":53,"column":16}},"loc":{"start":{"line":53,"column":27},"end":{"line":53,"column":56}},"line":53},"7":{"name":"(anonymous_7)","decl":{"start":{"line":54,"column":17},"end":{"line":54,"column":18}},"loc":{"start":{"line":54,"column":23},"end":{"line":54,"column":48}},"line":54}},"branchMap":{},"s":{"0":5,"1":5,"2":5,"3":3,"4":5,"5":5,"6":5,"7":25,"8":25,"9":5,"10":3,"11":1,"12":1,"13":1,"14":3,"15":1,"16":1,"17":1},"f":{"0":5,"1":5,"2":3,"3":1,"4":3,"5":1,"6":1,"7":1},"b":{},"_coverageSchema":"43e27e138ebf9cfc5966b082cf9a028302ed4184","hash":"c3390c895cddad4d1256fa6aa28f4aa28e790f3d"}
,"/Users/jessicahansen/turing/mod4/palette-picker/FE-Palette-Picker/src/containers/Color/Color.js": {"path":"/Users/jessicahansen/turing/mod4/palette-picker/FE-Palette-Picker/src/containers/Color/Color.js","statementMap":{"0":{"start":{"line":8,"column":37},"end":{"line":8,"column":47}},"1":{"start":{"line":9,"column":4},"end":{"line":16,"column":5}}},"fnMap":{"0":{"name":"(anonymous_0)","decl":{"start":{"line":7,"column":2},"end":{"line":7,"column":3}},"loc":{"start":{"line":7,"column":11},"end":{"line":17,"column":3}},"line":7}},"branchMap":{"0":{"loc":{"start":{"line":13,"column":53},"end":{"line":13,"column":84}},"type":"cond-expr","locations":[{"start":{"line":13,"column":62},"end":{"line":13,"column":72}},{"start":{"line":13,"column":75},"end":{"line":13,"column":84}}],"line":13}},"s":{"0":2,"1":2},"f":{"0":2},"b":{"0":[1,1]},"_coverageSchema":"43e27e138ebf9cfc5966b082cf9a028302ed4184","hash":"5f993e2c64a543176be30b77ef5b593436fe4e72"}
,"/Users/jessicahansen/turing/mod4/palette-picker/FE-Palette-Picker/src/containers/Palette/Palette.js": {"path":"/Users/jessicahansen/turing/mod4/palette-picker/FE-Palette-Picker/src/containers/Palette/Palette.js","statementMap":{"0":{"start":{"line":11,"column":4},"end":{"line":11,"column":12}},"1":{"start":{"line":12,"column":4},"end":{"line":20,"column":5}},"2":{"start":{"line":23,"column":17},"end":{"line":33,"column":3}},"3":{"start":{"line":24,"column":26},"end":{"line":31,"column":6}},"4":{"start":{"line":25,"column":6},"end":{"line":30,"column":7}},"5":{"start":{"line":26,"column":8},"end":{"line":26,"column":20}},"6":{"start":{"line":28,"column":25},"end":{"line":28,"column":72}},"7":{"start":{"line":29,"column":8},"end":{"line":29,"column":55}},"8":{"start":{"line":32,"column":4},"end":{"line":32,"column":41}},"9":{"start":{"line":35,"column":17},"end":{"line":45,"column":3}},"10":{"start":{"line":36,"column":20},"end":{"line":36,"column":41}},"11":{"start":{"line":37,"column":26},"end":{"line":43,"column":6}},"12":{"start":{"line":38,"column":6},"end":{"line":42,"column":7}},"13":{"start":{"line":39,"column":8},"end":{"line":39,"column":61}},"14":{"start":{"line":41,"column":8},"end":{"line":41,"column":20}},"15":{"start":{"line":44,"column":4},"end":{"line":44,"column":41}},"16":{"start":{"line":47,"column":15},"end":{"line":54,"column":3}},"17":{"start":{"line":48,"column":4},"end":{"line":48,"column":22}},"18":{"start":{"line":49,"column":4},"end":{"line":52,"column":6}},"19":{"start":{"line":50,"column":21},"end":{"line":50,"column":41}},"20":{"start":{"line":51,"column":6},"end":{"line":51,"column":48}},"21":{"start":{"line":53,"column":4},"end":{"line":53,"column":24}},"22":{"start":{"line":56,"column":18},"end":{"line":60,"column":3}},"23":{"start":{"line":57,"column":17},"end":{"line":57,"column":27}},"24":{"start":{"line":58,"column":20},"end":{"line":58,"column":59}},"25":{"start":{"line":59,"column":4},"end":{"line":59,"column":44}},"26":{"start":{"line":62,"column":17},"end":{"line":65,"column":3}},"27":{"start":{"line":63,"column":28},"end":{"line":63,"column":36}},"28":{"start":{"line":64,"column":4},"end":{"line":64,"column":36}},"29":{"start":{"line":68,"column":26},"end":{"line":70,"column":6}},"30":{"start":{"line":69,"column":6},"end":{"line":69,"column":98}},"31":{"start":{"line":71,"column":24},"end":{"line":74,"column":6}},"32":{"start":{"line":72,"column":24},"end":{"line":72,"column":44}},"33":{"start":{"line":73,"column":6},"end":{"line":73,"column":110}},"34":{"start":{"line":75,"column":4},"end":{"line":92,"column":5}},"35":{"start":{"line":96,"column":31},"end":{"line":99,"column":2}},"36":{"start":{"line":96,"column":43},"end":{"line":99,"column":1}},"37":{"start":{"line":101,"column":34},"end":{"line":104,"column":2}},"38":{"start":{"line":101,"column":49},"end":{"line":104,"column":1}},"39":{"start":{"line":102,"column":27},"end":{"line":102,"column":56}},"40":{"start":{"line":103,"column":37},"end":{"line":103,"column":76}}},"fnMap":{"0":{"name":"(anonymous_0)","decl":{"start":{"line":10,"column":2},"end":{"line":10,"column":3}},"loc":{"start":{"line":10,"column":16},"end":{"line":21,"column":3}},"line":10},"1":{"name":"(anonymous_1)","decl":{"start":{"line":23,"column":17},"end":{"line":23,"column":18}},"loc":{"start":{"line":23,"column":23},"end":{"line":33,"column":3}},"line":23},"2":{"name":"(anonymous_2)","decl":{"start":{"line":24,"column":55},"end":{"line":24,"column":56}},"loc":{"start":{"line":24,"column":64},"end":{"line":31,"column":5}},"line":24},"3":{"name":"(anonymous_3)","decl":{"start":{"line":35,"column":17},"end":{"line":35,"column":18}},"loc":{"start":{"line":35,"column":24},"end":{"line":45,"column":3}},"line":35},"4":{"name":"(anonymous_4)","decl":{"start":{"line":37,"column":55},"end":{"line":37,"column":56}},"loc":{"start":{"line":37,"column":73},"end":{"line":43,"column":5}},"line":37},"5":{"name":"(anonymous_5)","decl":{"start":{"line":47,"column":15},"end":{"line":47,"column":16}},"loc":{"start":{"line":47,"column":22},"end":{"line":54,"column":3}},"line":47},"6":{"name":"(anonymous_6)","decl":{"start":{"line":49,"column":37},"end":{"line":49,"column":38}},"loc":{"start":{"line":49,"column":55},"end":{"line":52,"column":5}},"line":49},"7":{"name":"(anonymous_7)","decl":{"start":{"line":56,"column":18},"end":{"line":56,"column":19}},"loc":{"start":{"line":56,"column":30},"end":{"line":60,"column":3}},"line":56},"8":{"name":"(anonymous_8)","decl":{"start":{"line":62,"column":17},"end":{"line":62,"column":18}},"loc":{"start":{"line":62,"column":24},"end":{"line":65,"column":3}},"line":62},"9":{"name":"(anonymous_9)","decl":{"start":{"line":67,"column":2},"end":{"line":67,"column":3}},"loc":{"start":{"line":67,"column":11},"end":{"line":93,"column":3}},"line":67},"10":{"name":"(anonymous_10)","decl":{"start":{"line":68,"column":55},"end":{"line":68,"column":56}},"loc":{"start":{"line":68,"column":73},"end":{"line":70,"column":5}},"line":68},"11":{"name":"(anonymous_11)","decl":{"start":{"line":71,"column":48},"end":{"line":71,"column":49}},"loc":{"start":{"line":71,"column":68},"end":{"line":74,"column":5}},"line":71},"12":{"name":"(anonymous_12)","decl":{"start":{"line":96,"column":31},"end":{"line":96,"column":32}},"loc":{"start":{"line":96,"column":43},"end":{"line":99,"column":1}},"line":96},"13":{"name":"(anonymous_13)","decl":{"start":{"line":101,"column":34},"end":{"line":101,"column":35}},"loc":{"start":{"line":101,"column":49},"end":{"line":104,"column":1}},"line":101},"14":{"name":"(anonymous_14)","decl":{"start":{"line":102,"column":15},"end":{"line":102,"column":16}},"loc":{"start":{"line":102,"column":27},"end":{"line":102,"column":56}},"line":102},"15":{"name":"(anonymous_15)","decl":{"start":{"line":103,"column":18},"end":{"line":103,"column":19}},"loc":{"start":{"line":103,"column":37},"end":{"line":103,"column":76}},"line":103}},"branchMap":{"0":{"loc":{"start":{"line":25,"column":6},"end":{"line":30,"column":7}},"type":"if","locations":[{"start":{"line":25,"column":6},"end":{"line":30,"column":7}},{"start":{"line":25,"column":6},"end":{"line":30,"column":7}}],"line":25},"1":{"loc":{"start":{"line":38,"column":6},"end":{"line":42,"column":7}},"type":"if","locations":[{"start":{"line":38,"column":6},"end":{"line":42,"column":7}},{"start":{"line":38,"column":6},"end":{"line":42,"column":7}}],"line":38}},"s":{"0":4,"1":4,"2":4,"3":0,"4":0,"5":0,"6":0,"7":0,"8":0,"9":4,"10":1,"11":1,"12":5,"13":0,"14":5,"15":1,"16":4,"17":0,"18":0,"19":0,"20":0,"21":0,"22":4,"23":0,"24":0,"25":0,"26":4,"27":1,"28":1,"29":5,"30":25,"31":5,"32":10,"33":10,"34":5,"35":2,"36":1,"37":2,"38":2,"39":1,"40":1},"f":{"0":4,"1":0,"2":0,"3":1,"4":5,"5":0,"6":0,"7":0,"8":1,"9":5,"10":25,"11":10,"12":1,"13":2,"14":1,"15":1},"b":{"0":[0,0],"1":[0,5]},"_coverageSchema":"43e27e138ebf9cfc5966b082cf9a028302ed4184","hash":"5093ff9aa9a0f4500515f236866e10048bd54fd8"}
,"/Users/jessicahansen/turing/mod4/palette-picker/FE-Palette-Picker/src/containers/Projects/Projects.js": {"path":"/Users/jessicahansen/turing/mod4/palette-picker/FE-Palette-Picker/src/containers/Projects/Projects.js","statementMap":{"0":{"start":{"line":12,"column":4},"end":{"line":12,"column":12}},"1":{"start":{"line":13,"column":4},"end":{"line":16,"column":5}},"2":{"start":{"line":19,"column":22},"end":{"line":22,"column":3}},"3":{"start":{"line":20,"column":28},"end":{"line":20,"column":36}},"4":{"start":{"line":21,"column":4},"end":{"line":21,"column":36}},"5":{"start":{"line":24,"column":18},"end":{"line":30,"column":3}},"6":{"start":{"line":25,"column":4},"end":{"line":25,"column":22}},"7":{"start":{"line":26,"column":24},"end":{"line":26,"column":47}},"8":{"start":{"line":27,"column":17},"end":{"line":27,"column":46}},"9":{"start":{"line":28,"column":20},"end":{"line":28,"column":59}},"10":{"start":{"line":29,"column":4},"end":{"line":29,"column":51}},"11":{"start":{"line":32,"column":18},"end":{"line":37,"column":3}},"12":{"start":{"line":33,"column":15},"end":{"line":33,"column":36}},"13":{"start":{"line":34,"column":28},"end":{"line":34,"column":92}},"14":{"start":{"line":34,"column":66},"end":{"line":34,"column":91}},"15":{"start":{"line":35,"column":4},"end":{"line":35,"column":45}},"16":{"start":{"line":36,"column":4},"end":{"line":36,"column":32}},"17":{"start":{"line":39,"column":18},"end":{"line":44,"column":3}},"18":{"start":{"line":40,"column":15},"end":{"line":40,"column":36}},"19":{"start":{"line":41,"column":28},"end":{"line":41,"column":92}},"20":{"start":{"line":41,"column":66},"end":{"line":41,"column":91}},"21":{"start":{"line":42,"column":4},"end":{"line":42,"column":45}},"22":{"start":{"line":43,"column":4},"end":{"line":43,"column":32}},"23":{"start":{"line":47,"column":30},"end":{"line":66,"column":6}},"24":{"start":{"line":48,"column":6},"end":{"line":65,"column":12}},"25":{"start":{"line":55,"column":12},"end":{"line":62,"column":13}},"26":{"start":{"line":56,"column":14},"end":{"line":61,"column":20}},"27":{"start":{"line":67,"column":4},"end":{"line":75,"column":5}},"28":{"start":{"line":79,"column":31},"end":{"line":82,"column":2}},"29":{"start":{"line":79,"column":43},"end":{"line":82,"column":1}},"30":{"start":{"line":84,"column":34},"end":{"line":90,"column":2}},"31":{"start":{"line":84,"column":49},"end":{"line":90,"column":1}},"32":{"start":{"line":85,"column":33},"end":{"line":85,"column":68}},"33":{"start":{"line":86,"column":38},"end":{"line":86,"column":78}},"34":{"start":{"line":87,"column":25},"end":{"line":87,"column":52}},"35":{"start":{"line":88,"column":38},"end":{"line":88,"column":78}},"36":{"start":{"line":89,"column":25},"end":{"line":89,"column":52}}},"fnMap":{"0":{"name":"(anonymous_0)","decl":{"start":{"line":11,"column":2},"end":{"line":11,"column":3}},"loc":{"start":{"line":11,"column":16},"end":{"line":17,"column":3}},"line":11},"1":{"name":"(anonymous_1)","decl":{"start":{"line":19,"column":22},"end":{"line":19,"column":23}},"loc":{"start":{"line":19,"column":29},"end":{"line":22,"column":3}},"line":19},"2":{"name":"(anonymous_2)","decl":{"start":{"line":24,"column":18},"end":{"line":24,"column":19}},"loc":{"start":{"line":24,"column":31},"end":{"line":30,"column":3}},"line":24},"3":{"name":"(anonymous_3)","decl":{"start":{"line":32,"column":18},"end":{"line":32,"column":19}},"loc":{"start":{"line":32,"column":25},"end":{"line":37,"column":3}},"line":32},"4":{"name":"(anonymous_4)","decl":{"start":{"line":34,"column":55},"end":{"line":34,"column":56}},"loc":{"start":{"line":34,"column":66},"end":{"line":34,"column":91}},"line":34},"5":{"name":"(anonymous_5)","decl":{"start":{"line":39,"column":18},"end":{"line":39,"column":19}},"loc":{"start":{"line":39,"column":25},"end":{"line":44,"column":3}},"line":39},"6":{"name":"(anonymous_6)","decl":{"start":{"line":41,"column":55},"end":{"line":41,"column":56}},"loc":{"start":{"line":41,"column":66},"end":{"line":41,"column":91}},"line":41},"7":{"name":"(anonymous_7)","decl":{"start":{"line":46,"column":2},"end":{"line":46,"column":3}},"loc":{"start":{"line":46,"column":11},"end":{"line":76,"column":3}},"line":46},"8":{"name":"(anonymous_8)","decl":{"start":{"line":47,"column":54},"end":{"line":47,"column":55}},"loc":{"start":{"line":47,"column":74},"end":{"line":66,"column":5}},"line":47},"9":{"name":"(anonymous_9)","decl":{"start":{"line":54,"column":34},"end":{"line":54,"column":35}},"loc":{"start":{"line":54,"column":54},"end":{"line":63,"column":11}},"line":54},"10":{"name":"(anonymous_10)","decl":{"start":{"line":79,"column":31},"end":{"line":79,"column":32}},"loc":{"start":{"line":79,"column":43},"end":{"line":82,"column":1}},"line":79},"11":{"name":"(anonymous_11)","decl":{"start":{"line":84,"column":34},"end":{"line":84,"column":35}},"loc":{"start":{"line":84,"column":49},"end":{"line":90,"column":1}},"line":84},"12":{"name":"(anonymous_12)","decl":{"start":{"line":85,"column":18},"end":{"line":85,"column":19}},"loc":{"start":{"line":85,"column":33},"end":{"line":85,"column":68}},"line":85},"13":{"name":"(anonymous_13)","decl":{"start":{"line":86,"column":17},"end":{"line":86,"column":18}},"loc":{"start":{"line":86,"column":38},"end":{"line":86,"column":78}},"line":86},"14":{"name":"(anonymous_14)","decl":{"start":{"line":87,"column":17},"end":{"line":87,"column":18}},"loc":{"start":{"line":87,"column":25},"end":{"line":87,"column":52}},"line":87},"15":{"name":"(anonymous_15)","decl":{"start":{"line":88,"column":17},"end":{"line":88,"column":18}},"loc":{"start":{"line":88,"column":38},"end":{"line":88,"column":78}},"line":88},"16":{"name":"(anonymous_16)","decl":{"start":{"line":89,"column":17},"end":{"line":89,"column":18}},"loc":{"start":{"line":89,"column":25},"end":{"line":89,"column":52}},"line":89}},"branchMap":{"0":{"loc":{"start":{"line":55,"column":12},"end":{"line":62,"column":13}},"type":"if","locations":[{"start":{"line":55,"column":12},"end":{"line":62,"column":13}},{"start":{"line":55,"column":12},"end":{"line":62,"column":13}}],"line":55}},"s":{"0":4,"1":4,"2":4,"3":1,"4":1,"5":4,"6":1,"7":1,"8":1,"9":1,"10":1,"11":4,"12":0,"13":0,"14":0,"15":0,"16":0,"17":4,"18":0,"19":0,"20":0,"21":0,"22":0,"23":6,"24":12,"25":24,"26":12,"27":6,"28":2,"29":1,"30":2,"31":5,"32":1,"33":1,"34":1,"35":1,"36":1},"f":{"0":4,"1":1,"2":1,"3":0,"4":0,"5":0,"6":0,"7":6,"8":12,"9":24,"10":1,"11":5,"12":1,"13":1,"14":1,"15":1,"16":1},"b":{"0":[12,12]},"_coverageSchema":"43e27e138ebf9cfc5966b082cf9a028302ed4184","hash":"43ceb6e48f384ed99ef0fb238e514d1db824aaf9"}
,"/Users/jessicahansen/turing/mod4/palette-picker/FE-Palette-Picker/src/reducers/colorsReducer.js": {"path":"/Users/jessicahansen/turing/mod4/palette-picker/FE-Palette-Picker/src/reducers/colorsReducer.js","statementMap":{"0":{"start":{"line":1,"column":29},"end":{"line":8,"column":1}},"1":{"start":{"line":2,"column":2},"end":{"line":7,"column":3}},"2":{"start":{"line":4,"column":6},"end":{"line":4,"column":26}},"3":{"start":{"line":6,"column":6},"end":{"line":6,"column":18}}},"fnMap":{"0":{"name":"(anonymous_0)","decl":{"start":{"line":1,"column":29},"end":{"line":1,"column":30}},"loc":{"start":{"line":1,"column":53},"end":{"line":8,"column":1}},"line":1}},"branchMap":{"0":{"loc":{"start":{"line":1,"column":30},"end":{"line":1,"column":40}},"type":"default-arg","locations":[{"start":{"line":1,"column":38},"end":{"line":1,"column":40}}],"line":1},"1":{"loc":{"start":{"line":2,"column":2},"end":{"line":7,"column":3}},"type":"switch","locations":[{"start":{"line":3,"column":4},"end":{"line":4,"column":26}},{"start":{"line":5,"column":4},"end":{"line":6,"column":18}}],"line":2}},"s":{"0":1,"1":2,"2":1,"3":1},"f":{"0":2},"b":{"0":[0],"1":[1,1]},"_coverageSchema":"43e27e138ebf9cfc5966b082cf9a028302ed4184","hash":"5ad16002c15382a6e33f827cbf87f7957d86e207"}
,"/Users/jessicahansen/turing/mod4/palette-picker/FE-Palette-Picker/src/reducers/errorReducer.js": {"path":"/Users/jessicahansen/turing/mod4/palette-picker/FE-Palette-Picker/src/reducers/errorReducer.js","statementMap":{"0":{"start":{"line":1,"column":28},"end":{"line":8,"column":1}},"1":{"start":{"line":2,"column":2},"end":{"line":7,"column":3}},"2":{"start":{"line":4,"column":6},"end":{"line":4,"column":27}},"3":{"start":{"line":6,"column":6},"end":{"line":6,"column":18}}},"fnMap":{"0":{"name":"(anonymous_0)","decl":{"start":{"line":1,"column":28},"end":{"line":1,"column":29}},"loc":{"start":{"line":1,"column":51},"end":{"line":8,"column":1}},"line":1}},"branchMap":{"0":{"loc":{"start":{"line":1,"column":29},"end":{"line":1,"column":38}},"type":"default-arg","locations":[{"start":{"line":1,"column":36},"end":{"line":1,"column":38}}],"line":1},"1":{"loc":{"start":{"line":2,"column":2},"end":{"line":7,"column":3}},"type":"switch","locations":[{"start":{"line":3,"column":4},"end":{"line":4,"column":27}},{"start":{"line":5,"column":4},"end":{"line":6,"column":18}}],"line":2}},"s":{"0":1,"1":2,"2":1,"3":1},"f":{"0":2},"b":{"0":[0],"1":[1,1]},"_coverageSchema":"43e27e138ebf9cfc5966b082cf9a028302ed4184","hash":"d357be27c3e656a9841a17775135f4255ef6f079"}
,"/Users/jessicahansen/turing/mod4/palette-picker/FE-Palette-Picker/src/reducers/palettesReducer.js": {"path":"/Users/jessicahansen/turing/mod4/palette-picker/FE-Palette-Picker/src/reducers/palettesReducer.js","statementMap":{"0":{"start":{"line":1,"column":31},"end":{"line":10,"column":1}},"1":{"start":{"line":2,"column":2},"end":{"line":9,"column":3}},"2":{"start":{"line":4,"column":6},"end":{"line":4,"column":28}},"3":{"start":{"line":6,"column":6},"end":{"line":6,"column":42}},"4":{"start":{"line":8,"column":6},"end":{"line":8,"column":18}}},"fnMap":{"0":{"name":"(anonymous_0)","decl":{"start":{"line":1,"column":31},"end":{"line":1,"column":32}},"loc":{"start":{"line":1,"column":55},"end":{"line":10,"column":1}},"line":1}},"branchMap":{"0":{"loc":{"start":{"line":1,"column":32},"end":{"line":1,"column":42}},"type":"default-arg","locations":[{"start":{"line":1,"column":40},"end":{"line":1,"column":42}}],"line":1},"1":{"loc":{"start":{"line":2,"column":2},"end":{"line":9,"column":3}},"type":"switch","locations":[{"start":{"line":3,"column":4},"end":{"line":4,"column":28}},{"start":{"line":5,"column":4},"end":{"line":6,"column":42}},{"start":{"line":7,"column":4},"end":{"line":8,"column":18}}],"line":2}},"s":{"0":1,"1":3,"2":1,"3":1,"4":1},"f":{"0":3},"b":{"0":[0],"1":[1,1,1]},"_coverageSchema":"43e27e138ebf9cfc5966b082cf9a028302ed4184","hash":"217767c56fc6a526c06e0003ebfb833f23e626e5"}
,"/Users/jessicahansen/turing/mod4/palette-picker/FE-Palette-Picker/src/reducers/projectsReducer.js": {"path":"/Users/jessicahansen/turing/mod4/palette-picker/FE-Palette-Picker/src/reducers/projectsReducer.js","statementMap":{"0":{"start":{"line":1,"column":31},"end":{"line":10,"column":1}},"1":{"start":{"line":2,"column":2},"end":{"line":9,"column":3}},"2":{"start":{"line":4,"column":6},"end":{"line":4,"column":28}},"3":{"start":{"line":6,"column":6},"end":{"line":6,"column":42}},"4":{"start":{"line":8,"column":6},"end":{"line":8,"column":18}}},"fnMap":{"0":{"name":"(anonymous_0)","decl":{"start":{"line":1,"column":31},"end":{"line":1,"column":32}},"loc":{"start":{"line":1,"column":55},"end":{"line":10,"column":1}},"line":1}},"branchMap":{"0":{"loc":{"start":{"line":1,"column":32},"end":{"line":1,"column":42}},"type":"default-arg","locations":[{"start":{"line":1,"column":40},"end":{"line":1,"column":42}}],"line":1},"1":{"loc":{"start":{"line":2,"column":2},"end":{"line":9,"column":3}},"type":"switch","locations":[{"start":{"line":3,"column":4},"end":{"line":4,"column":28}},{"start":{"line":5,"column":4},"end":{"line":6,"column":42}},{"start":{"line":7,"column":4},"end":{"line":8,"column":18}}],"line":2}},"s":{"0":1,"1":3,"2":1,"3":1,"4":1},"f":{"0":3},"b":{"0":[0],"1":[1,1,1]},"_coverageSchema":"43e27e138ebf9cfc5966b082cf9a028302ed4184","hash":"92f99141f68a863fe871721ece328f5d859f51fc"}
,"/Users/jessicahansen/turing/mod4/palette-picker/FE-Palette-Picker/src/thunks/deletePalette.js": {"path":"/Users/jessicahansen/turing/mod4/palette-picker/FE-Palette-Picker/src/thunks/deletePalette.js","statementMap":{"0":{"start":{"line":4,"column":29},"end":{"line":17,"column":1}},"1":{"start":{"line":5,"column":2},"end":{"line":16,"column":3}},"2":{"start":{"line":6,"column":16},"end":{"line":6,"column":81}},"3":{"start":{"line":7,"column":4},"end":{"line":15,"column":5}},"4":{"start":{"line":8,"column":22},"end":{"line":8,"column":51}},"5":{"start":{"line":9,"column":23},"end":{"line":9,"column":48}},"6":{"start":{"line":10,"column":6},"end":{"line":12,"column":7}},"7":{"start":{"line":11,"column":8},"end":{"line":11,"column":41}},"8":{"start":{"line":14,"column":6},"end":{"line":14,"column":39}}},"fnMap":{"0":{"name":"(anonymous_0)","decl":{"start":{"line":4,"column":29},"end":{"line":4,"column":30}},"loc":{"start":{"line":4,"column":37},"end":{"line":17,"column":1}},"line":4},"1":{"name":"(anonymous_1)","decl":{"start":{"line":5,"column":9},"end":{"line":5,"column":10}},"loc":{"start":{"line":5,"column":29},"end":{"line":16,"column":3}},"line":5}},"branchMap":{"0":{"loc":{"start":{"line":10,"column":6},"end":{"line":12,"column":7}},"type":"if","locations":[{"start":{"line":10,"column":6},"end":{"line":12,"column":7}},{"start":{"line":10,"column":6},"end":{"line":12,"column":7}}],"line":10}},"s":{"0":3,"1":2,"2":1,"3":1,"4":1,"5":1,"6":1,"7":1,"8":1},"f":{"0":2,"1":1},"b":{"0":[1,0]},"_coverageSchema":"43e27e138ebf9cfc5966b082cf9a028302ed4184","hash":"aaa1a71fbcfd3951069d673f47f9df1d7b4ff2ce"}
,"/Users/jessicahansen/turing/mod4/palette-picker/FE-Palette-Picker/src/thunks/deleteProject.js": {"path":"/Users/jessicahansen/turing/mod4/palette-picker/FE-Palette-Picker/src/thunks/deleteProject.js","statementMap":{"0":{"start":{"line":4,"column":29},"end":{"line":17,"column":1}},"1":{"start":{"line":5,"column":2},"end":{"line":16,"column":3}},"2":{"start":{"line":6,"column":16},"end":{"line":6,"column":81}},"3":{"start":{"line":7,"column":4},"end":{"line":15,"column":5}},"4":{"start":{"line":8,"column":22},"end":{"line":8,"column":51}},"5":{"start":{"line":9,"column":23},"end":{"line":9,"column":48}},"6":{"start":{"line":10,"column":6},"end":{"line":12,"column":7}},"7":{"start":{"line":11,"column":8},"end":{"line":11,"column":41}},"8":{"start":{"line":14,"column":6},"end":{"line":14,"column":39}}},"fnMap":{"0":{"name":"(anonymous_0)","decl":{"start":{"line":4,"column":29},"end":{"line":4,"column":30}},"loc":{"start":{"line":4,"column":37},"end":{"line":17,"column":1}},"line":4},"1":{"name":"(anonymous_1)","decl":{"start":{"line":5,"column":9},"end":{"line":5,"column":10}},"loc":{"start":{"line":5,"column":29},"end":{"line":16,"column":3}},"line":5}},"branchMap":{"0":{"loc":{"start":{"line":10,"column":6},"end":{"line":12,"column":7}},"type":"if","locations":[{"start":{"line":10,"column":6},"end":{"line":12,"column":7}},{"start":{"line":10,"column":6},"end":{"line":12,"column":7}}],"line":10}},"s":{"0":3,"1":2,"2":1,"3":1,"4":1,"5":1,"6":1,"7":1,"8":1},"f":{"0":2,"1":1},"b":{"0":[1,0]},"_coverageSchema":"43e27e138ebf9cfc5966b082cf9a028302ed4184","hash":"7aed8f9d701b28bb3dca1c344a87f913c90325ee"}
,"/Users/jessicahansen/turing/mod4/palette-picker/FE-Palette-Picker/src/thunks/fetchPalettes.js": {"path":"/Users/jessicahansen/turing/mod4/palette-picker/FE-Palette-Picker/src/thunks/fetchPalettes.js","statementMap":{"0":{"start":{"line":3,"column":29},"end":{"line":17,"column":1}},"1":{"start":{"line":4,"column":2},"end":{"line":16,"column":3}},"2":{"start":{"line":5,"column":16},"end":{"line":5,"column":75}},"3":{"start":{"line":6,"column":4},"end":{"line":15,"column":5}},"4":{"start":{"line":7,"column":23},"end":{"line":7,"column":39}},"5":{"start":{"line":8,"column":6},"end":{"line":10,"column":7}},"6":{"start":{"line":9,"column":8},"end":{"line":9,"column":41}},"7":{"start":{"line":11,"column":23},"end":{"line":11,"column":44}},"8":{"start":{"line":12,"column":6},"end":{"line":12,"column":39}},"9":{"start":{"line":14,"column":6},"end":{"line":14,"column":39}}},"fnMap":{"0":{"name":"(anonymous_0)","decl":{"start":{"line":3,"column":29},"end":{"line":3,"column":30}},"loc":{"start":{"line":3,"column":35},"end":{"line":17,"column":1}},"line":3},"1":{"name":"(anonymous_1)","decl":{"start":{"line":4,"column":9},"end":{"line":4,"column":10}},"loc":{"start":{"line":4,"column":29},"end":{"line":16,"column":3}},"line":4}},"branchMap":{"0":{"loc":{"start":{"line":8,"column":6},"end":{"line":10,"column":7}},"type":"if","locations":[{"start":{"line":8,"column":6},"end":{"line":10,"column":7}},{"start":{"line":8,"column":6},"end":{"line":10,"column":7}}],"line":8}},"s":{"0":2,"1":2,"2":2,"3":2,"4":2,"5":2,"6":1,"7":1,"8":1,"9":1},"f":{"0":2,"1":2},"b":{"0":[1,1]},"_coverageSchema":"43e27e138ebf9cfc5966b082cf9a028302ed4184","hash":"113786339d14716881e0e5bc9f921c73d48e2ea9"}
,"/Users/jessicahansen/turing/mod4/palette-picker/FE-Palette-Picker/src/thunks/fetchProjects.js": {"path":"/Users/jessicahansen/turing/mod4/palette-picker/FE-Palette-Picker/src/thunks/fetchProjects.js","statementMap":{"0":{"start":{"line":3,"column":29},"end":{"line":17,"column":1}},"1":{"start":{"line":4,"column":2},"end":{"line":16,"column":3}},"2":{"start":{"line":5,"column":16},"end":{"line":5,"column":75}},"3":{"start":{"line":6,"column":4},"end":{"line":15,"column":5}},"4":{"start":{"line":7,"column":23},"end":{"line":7,"column":39}},"5":{"start":{"line":8,"column":6},"end":{"line":10,"column":7}},"6":{"start":{"line":9,"column":8},"end":{"line":9,"column":41}},"7":{"start":{"line":11,"column":23},"end":{"line":11,"column":44}},"8":{"start":{"line":12,"column":6},"end":{"line":12,"column":39}},"9":{"start":{"line":14,"column":6},"end":{"line":14,"column":39}}},"fnMap":{"0":{"name":"(anonymous_0)","decl":{"start":{"line":3,"column":29},"end":{"line":3,"column":30}},"loc":{"start":{"line":3,"column":35},"end":{"line":17,"column":1}},"line":3},"1":{"name":"(anonymous_1)","decl":{"start":{"line":4,"column":9},"end":{"line":4,"column":10}},"loc":{"start":{"line":4,"column":29},"end":{"line":16,"column":3}},"line":4}},"branchMap":{"0":{"loc":{"start":{"line":8,"column":6},"end":{"line":10,"column":7}},"type":"if","locations":[{"start":{"line":8,"column":6},"end":{"line":10,"column":7}},{"start":{"line":8,"column":6},"end":{"line":10,"column":7}}],"line":8}},"s":{"0":2,"1":2,"2":2,"3":2,"4":2,"5":2,"6":1,"7":1,"8":1,"9":1},"f":{"0":2,"1":2},"b":{"0":[1,1]},"_coverageSchema":"43e27e138ebf9cfc5966b082cf9a028302ed4184","hash":"1780c07e9bf15cc6eb3d0f6725ba58d63091794a"}
,"/Users/jessicahansen/turing/mod4/palette-picker/FE-Palette-Picker/src/thunks/postNewPalette.js": {"path":"/Users/jessicahansen/turing/mod4/palette-picker/FE-Palette-Picker/src/thunks/postNewPalette.js","statementMap":{"0":{"start":{"line":3,"column":30},"end":{"line":27,"column":1}},"1":{"start":{"line":4,"column":2},"end":{"line":26,"column":3}},"2":{"start":{"line":5,"column":16},"end":{"line":5,"column":75}},"3":{"start":{"line":6,"column":4},"end":{"line":25,"column":5}},"4":{"start":{"line":7,"column":23},"end":{"line":7,"column":48}},"5":{"start":{"line":8,"column":6},"end":{"line":10,"column":7}},"6":{"start":{"line":9,"column":8},"end":{"line":9,"column":41}},"7":{"start":{"line":11,"column":21},"end":{"line":11,"column":42}},"8":{"start":{"line":12,"column":25},"end":{"line":21,"column":7}},"9":{"start":{"line":22,"column":6},"end":{"line":22,"column":38}},"10":{"start":{"line":24,"column":6},"end":{"line":24,"column":39}}},"fnMap":{"0":{"name":"(anonymous_0)","decl":{"start":{"line":3,"column":30},"end":{"line":3,"column":31}},"loc":{"start":{"line":3,"column":49},"end":{"line":27,"column":1}},"line":3},"1":{"name":"(anonymous_1)","decl":{"start":{"line":4,"column":9},"end":{"line":4,"column":10}},"loc":{"start":{"line":4,"column":29},"end":{"line":26,"column":3}},"line":4}},"branchMap":{"0":{"loc":{"start":{"line":8,"column":6},"end":{"line":10,"column":7}},"type":"if","locations":[{"start":{"line":8,"column":6},"end":{"line":10,"column":7}},{"start":{"line":8,"column":6},"end":{"line":10,"column":7}}],"line":8}},"s":{"0":3,"1":2,"2":2,"3":2,"4":2,"5":2,"6":1,"7":1,"8":1,"9":1,"10":1},"f":{"0":2,"1":2},"b":{"0":[1,1]},"_coverageSchema":"43e27e138ebf9cfc5966b082cf9a028302ed4184","hash":"1106e0df5739dca12b4a4db0e769926b7fed2f2d"}
,"/Users/jessicahansen/turing/mod4/palette-picker/FE-Palette-Picker/src/thunks/postNewProject.js": {"path":"/Users/jessicahansen/turing/mod4/palette-picker/FE-Palette-Picker/src/thunks/postNewProject.js","statementMap":{"0":{"start":{"line":3,"column":30},"end":{"line":21,"column":1}},"1":{"start":{"line":4,"column":2},"end":{"line":20,"column":3}},"2":{"start":{"line":5,"column":16},"end":{"line":5,"column":75}},"3":{"start":{"line":6,"column":4},"end":{"line":19,"column":5}},"4":{"start":{"line":7,"column":23},"end":{"line":7,"column":45}},"5":{"start":{"line":8,"column":6},"end":{"line":10,"column":7}},"6":{"start":{"line":9,"column":8},"end":{"line":9,"column":41}},"7":{"start":{"line":11,"column":21},"end":{"line":11,"column":42}},"8":{"start":{"line":12,"column":25},"end":{"line":15,"column":7}},"9":{"start":{"line":16,"column":6},"end":{"line":16,"column":38}},"10":{"start":{"line":18,"column":6},"end":{"line":18,"column":39}}},"fnMap":{"0":{"name":"(anonymous_0)","decl":{"start":{"line":3,"column":30},"end":{"line":3,"column":31}},"loc":{"start":{"line":3,"column":53},"end":{"line":21,"column":1}},"line":3},"1":{"name":"(anonymous_1)","decl":{"start":{"line":4,"column":9},"end":{"line":4,"column":10}},"loc":{"start":{"line":4,"column":29},"end":{"line":20,"column":3}},"line":4}},"branchMap":{"0":{"loc":{"start":{"line":8,"column":6},"end":{"line":10,"column":7}},"type":"if","locations":[{"start":{"line":8,"column":6},"end":{"line":10,"column":7}},{"start":{"line":8,"column":6},"end":{"line":10,"column":7}}],"line":8}},"s":{"0":3,"1":3,"2":2,"3":2,"4":2,"5":2,"6":1,"7":1,"8":1,"9":1,"10":1},"f":{"0":3,"1":2},"b":{"0":[1,1]},"_coverageSchema":"43e27e138ebf9cfc5966b082cf9a028302ed4184","hash":"5239107af46abd452fe14bc3f7d2ac5d67e9864d"}
,"/Users/jessicahansen/turing/mod4/palette-picker/FE-Palette-Picker/src/utils/fetchOptionsCreator.js": {"path":"/Users/jessicahansen/turing/mod4/palette-picker/FE-Palette-Picker/src/utils/fetchOptionsCreator.js","statementMap":{"0":{"start":{"line":1,"column":35},"end":{"line":7,"column":2}},"1":{"start":{"line":1,"column":52},"end":{"line":7,"column":1}}},"fnMap":{"0":{"name":"(anonymous_0)","decl":{"start":{"line":1,"column":35},"end":{"line":1,"column":36}},"loc":{"start":{"line":1,"column":52},"end":{"line":7,"column":1}},"line":1}},"branchMap":{},"s":{"0":6,"1":4},"f":{"0":4},"b":{},"_coverageSchema":"43e27e138ebf9cfc5966b082cf9a028302ed4184","hash":"1c2faaec87b348b47387d0db7668925145993d6a"}
}
