{"/Users/jessicahansen/turing/mod4/palette-picker/FE-Palette-Picker/src/actions/index.js": {"path":"/Users/jessicahansen/turing/mod4/palette-picker/FE-Palette-Picker/src/actions/index.js","statementMap":{"0":{"start":{"line":1,"column":24},"end":{"line":4,"column":2}},"1":{"start":{"line":1,"column":38},"end":{"line":4,"column":1}},"2":{"start":{"line":6,"column":29},"end":{"line":9,"column":2}},"3":{"start":{"line":6,"column":44},"end":{"line":9,"column":1}},"4":{"start":{"line":11,"column":27},"end":{"line":14,"column":2}},"5":{"start":{"line":11,"column":40},"end":{"line":14,"column":1}},"6":{"start":{"line":16,"column":26},"end":{"line":19,"column":2}},"7":{"start":{"line":16,"column":43},"end":{"line":19,"column":1}},"8":{"start":{"line":21,"column":26},"end":{"line":24,"column":2}},"9":{"start":{"line":21,"column":43},"end":{"line":24,"column":1}},"10":{"start":{"line":26,"column":29},"end":{"line":29,"column":2}},"11":{"start":{"line":26,"column":44},"end":{"line":29,"column":1}},"12":{"start":{"line":31,"column":26},"end":{"line":34,"column":2}},"13":{"start":{"line":31,"column":40},"end":{"line":34,"column":1}},"14":{"start":{"line":36,"column":25},"end":{"line":39,"column":2}},"15":{"start":{"line":36,"column":39},"end":{"line":39,"column":1}}},"fnMap":{"0":{"name":"(anonymous_0)","decl":{"start":{"line":1,"column":24},"end":{"line":1,"column":25}},"loc":{"start":{"line":1,"column":38},"end":{"line":4,"column":1}},"line":1},"1":{"name":"(anonymous_1)","decl":{"start":{"line":6,"column":29},"end":{"line":6,"column":30}},"loc":{"start":{"line":6,"column":44},"end":{"line":9,"column":1}},"line":6},"2":{"name":"(anonymous_2)","decl":{"start":{"line":11,"column":27},"end":{"line":11,"column":28}},"loc":{"start":{"line":11,"column":40},"end":{"line":14,"column":1}},"line":11},"3":{"name":"(anonymous_3)","decl":{"start":{"line":16,"column":26},"end":{"line":16,"column":27}},"loc":{"start":{"line":16,"column":43},"end":{"line":19,"column":1}},"line":16},"4":{"name":"(anonymous_4)","decl":{"start":{"line":21,"column":26},"end":{"line":21,"column":27}},"loc":{"start":{"line":21,"column":43},"end":{"line":24,"column":1}},"line":21},"5":{"name":"(anonymous_5)","decl":{"start":{"line":26,"column":29},"end":{"line":26,"column":30}},"loc":{"start":{"line":26,"column":44},"end":{"line":29,"column":1}},"line":26},"6":{"name":"(anonymous_6)","decl":{"start":{"line":31,"column":26},"end":{"line":31,"column":27}},"loc":{"start":{"line":31,"column":40},"end":{"line":34,"column":1}},"line":31},"7":{"name":"(anonymous_7)","decl":{"start":{"line":36,"column":25},"end":{"line":36,"column":26}},"loc":{"start":{"line":36,"column":39},"end":{"line":39,"column":1}},"line":36}},"branchMap":{},"s":{"0":19,"1":14,"2":19,"3":5,"4":19,"5":3,"6":19,"7":4,"8":19,"9":4,"10":19,"11":5,"12":19,"13":3,"14":19,"15":8},"f":{"0":14,"1":5,"2":3,"3":4,"4":4,"5":5,"6":3,"7":8},"b":{},"_coverageSchema":"43e27e138ebf9cfc5966b082cf9a028302ed4184","hash":"716e16595eb45b5a44e0042f72dcaec2fde5635b"}
,"/Users/jessicahansen/turing/mod4/palette-picker/FE-Palette-Picker/src/components/Loader/Loader.js": {"path":"/Users/jessicahansen/turing/mod4/palette-picker/FE-Palette-Picker/src/components/Loader/Loader.js","statementMap":{"0":{"start":{"line":5,"column":2},"end":{"line":13,"column":3}}},"fnMap":{"0":{"name":"Loader","decl":{"start":{"line":4,"column":24},"end":{"line":4,"column":30}},"loc":{"start":{"line":4,"column":33},"end":{"line":14,"column":1}},"line":4}},"branchMap":{},"s":{"0":1},"f":{"0":1},"b":{},"_coverageSchema":"43e27e138ebf9cfc5966b082cf9a028302ed4184","hash":"2341760a42cc7f0f9f1ad3f88091f939764053ca"}
,"/Users/jessicahansen/turing/mod4/palette-picker/FE-Palette-Picker/src/containers/App/App.js": {"path":"/Users/jessicahansen/turing/mod4/palette-picker/FE-Palette-Picker/src/containers/App/App.js","statementMap":{"0":{"start":{"line":14,"column":4},"end":{"line":14,"column":30}},"1":{"start":{"line":15,"column":4},"end":{"line":15,"column":30}},"2":{"start":{"line":16,"column":4},"end":{"line":16,"column":30}},"3":{"start":{"line":19,"column":24},"end":{"line":26,"column":3}},"4":{"start":{"line":20,"column":23},"end":{"line":20,"column":25}},"5":{"start":{"line":21,"column":4},"end":{"line":24,"column":5}},"6":{"start":{"line":21,"column":17},"end":{"line":21,"column":18}},"7":{"start":{"line":22,"column":26},"end":{"line":22,"column":78}},"8":{"start":{"line":23,"column":6},"end":{"line":23,"column":68}},"9":{"start":{"line":25,"column":4},"end":{"line":25,"column":40}},"10":{"start":{"line":29,"column":4},"end":{"line":45,"column":6}},"11":{"start":{"line":49,"column":0},"end":{"line":57,"column":1}},"12":{"start":{"line":59,"column":31},"end":{"line":64,"column":2}},"13":{"start":{"line":59,"column":43},"end":{"line":64,"column":1}},"14":{"start":{"line":66,"column":34},"end":{"line":70,"column":2}},"15":{"start":{"line":66,"column":49},"end":{"line":70,"column":1}},"16":{"start":{"line":67,"column":23},"end":{"line":67,"column":48}},"17":{"start":{"line":68,"column":27},"end":{"line":68,"column":56}},"18":{"start":{"line":69,"column":23},"end":{"line":69,"column":48}}},"fnMap":{"0":{"name":"(anonymous_0)","decl":{"start":{"line":13,"column":2},"end":{"line":13,"column":3}},"loc":{"start":{"line":13,"column":22},"end":{"line":17,"column":3}},"line":13},"1":{"name":"(anonymous_1)","decl":{"start":{"line":19,"column":24},"end":{"line":19,"column":25}},"loc":{"start":{"line":19,"column":30},"end":{"line":26,"column":3}},"line":19},"2":{"name":"(anonymous_2)","decl":{"start":{"line":28,"column":2},"end":{"line":28,"column":3}},"loc":{"start":{"line":28,"column":11},"end":{"line":46,"column":3}},"line":28},"3":{"name":"(anonymous_3)","decl":{"start":{"line":59,"column":31},"end":{"line":59,"column":32}},"loc":{"start":{"line":59,"column":43},"end":{"line":64,"column":1}},"line":59},"4":{"name":"(anonymous_4)","decl":{"start":{"line":66,"column":34},"end":{"line":66,"column":35}},"loc":{"start":{"line":66,"column":49},"end":{"line":70,"column":1}},"line":66},"5":{"name":"(anonymous_5)","decl":{"start":{"line":67,"column":17},"end":{"line":67,"column":18}},"loc":{"start":{"line":67,"column":23},"end":{"line":67,"column":48}},"line":67},"6":{"name":"(anonymous_6)","decl":{"start":{"line":68,"column":15},"end":{"line":68,"column":16}},"loc":{"start":{"line":68,"column":27},"end":{"line":68,"column":56}},"line":68},"7":{"name":"(anonymous_7)","decl":{"start":{"line":69,"column":17},"end":{"line":69,"column":18}},"loc":{"start":{"line":69,"column":23},"end":{"line":69,"column":48}},"line":69}},"branchMap":{"0":{"loc":{"start":{"line":36,"column":13},"end":{"line":37,"column":38}},"type":"cond-expr","locations":[{"start":{"line":37,"column":13},"end":{"line":37,"column":23}},{"start":{"line":37,"column":26},"end":{"line":37,"column":38}}],"line":36}},"s":{"0":5,"1":5,"2":5,"3":3,"4":5,"5":5,"6":5,"7":25,"8":25,"9":5,"10":3,"11":1,"12":1,"13":1,"14":1,"15":3,"16":1,"17":1,"18":1},"f":{"0":5,"1":5,"2":3,"3":1,"4":3,"5":1,"6":1,"7":1},"b":{"0":[0,3]},"_coverageSchema":"43e27e138ebf9cfc5966b082cf9a028302ed4184","hash":"803ca29d180316c7b492913c50d5fab77bfe5454"}
,"/Users/jessicahansen/turing/mod4/palette-picker/FE-Palette-Picker/src/containers/Color/Color.js": {"path":"/Users/jessicahansen/turing/mod4/palette-picker/FE-Palette-Picker/src/containers/Color/Color.js","statementMap":{"0":{"start":{"line":9,"column":37},"end":{"line":9,"column":47}},"1":{"start":{"line":10,"column":4},"end":{"line":17,"column":5}},"2":{"start":{"line":21,"column":0},"end":{"line":25,"column":1}}},"fnMap":{"0":{"name":"(anonymous_0)","decl":{"start":{"line":8,"column":2},"end":{"line":8,"column":3}},"loc":{"start":{"line":8,"column":11},"end":{"line":18,"column":3}},"line":8}},"branchMap":{"0":{"loc":{"start":{"line":14,"column":53},"end":{"line":14,"column":84}},"type":"cond-expr","locations":[{"start":{"line":14,"column":62},"end":{"line":14,"column":72}},{"start":{"line":14,"column":75},"end":{"line":14,"column":84}}],"line":14}},"s":{"0":2,"1":2,"2":3},"f":{"0":2},"b":{"0":[1,1]},"_coverageSchema":"43e27e138ebf9cfc5966b082cf9a028302ed4184","hash":"7629b00a00d58a819ea044e36f31c296ab737cde"}
,"/Users/jessicahansen/turing/mod4/palette-picker/FE-Palette-Picker/src/containers/Palette/Palette.js": {"path":"/Users/jessicahansen/turing/mod4/palette-picker/FE-Palette-Picker/src/containers/Palette/Palette.js","statementMap":{"0":{"start":{"line":10,"column":17},"end":{"line":20,"column":3}},"1":{"start":{"line":11,"column":26},"end":{"line":18,"column":6}},"2":{"start":{"line":12,"column":6},"end":{"line":17,"column":7}},"3":{"start":{"line":13,"column":8},"end":{"line":13,"column":20}},"4":{"start":{"line":15,"column":25},"end":{"line":15,"column":77}},"5":{"start":{"line":16,"column":8},"end":{"line":16,"column":55}},"6":{"start":{"line":19,"column":4},"end":{"line":19,"column":41}},"7":{"start":{"line":22,"column":17},"end":{"line":32,"column":3}},"8":{"start":{"line":23,"column":20},"end":{"line":23,"column":41}},"9":{"start":{"line":24,"column":26},"end":{"line":30,"column":6}},"10":{"start":{"line":25,"column":6},"end":{"line":29,"column":7}},"11":{"start":{"line":26,"column":8},"end":{"line":26,"column":61}},"12":{"start":{"line":28,"column":8},"end":{"line":28,"column":20}},"13":{"start":{"line":31,"column":4},"end":{"line":31,"column":41}},"14":{"start":{"line":35,"column":26},"end":{"line":37,"column":6}},"15":{"start":{"line":36,"column":6},"end":{"line":36,"column":98}},"16":{"start":{"line":38,"column":4},"end":{"line":47,"column":5}},"17":{"start":{"line":51,"column":0},"end":{"line":54,"column":1}},"18":{"start":{"line":56,"column":31},"end":{"line":58,"column":2}},"19":{"start":{"line":56,"column":43},"end":{"line":58,"column":1}},"20":{"start":{"line":60,"column":34},"end":{"line":62,"column":2}},"21":{"start":{"line":60,"column":49},"end":{"line":62,"column":1}},"22":{"start":{"line":61,"column":27},"end":{"line":61,"column":56}}},"fnMap":{"0":{"name":"(anonymous_0)","decl":{"start":{"line":10,"column":17},"end":{"line":10,"column":18}},"loc":{"start":{"line":10,"column":23},"end":{"line":20,"column":3}},"line":10},"1":{"name":"(anonymous_1)","decl":{"start":{"line":11,"column":55},"end":{"line":11,"column":56}},"loc":{"start":{"line":11,"column":64},"end":{"line":18,"column":5}},"line":11},"2":{"name":"(anonymous_2)","decl":{"start":{"line":22,"column":17},"end":{"line":22,"column":18}},"loc":{"start":{"line":22,"column":24},"end":{"line":32,"column":3}},"line":22},"3":{"name":"(anonymous_3)","decl":{"start":{"line":24,"column":55},"end":{"line":24,"column":56}},"loc":{"start":{"line":24,"column":73},"end":{"line":30,"column":5}},"line":24},"4":{"name":"(anonymous_4)","decl":{"start":{"line":34,"column":2},"end":{"line":34,"column":3}},"loc":{"start":{"line":34,"column":11},"end":{"line":48,"column":3}},"line":34},"5":{"name":"(anonymous_5)","decl":{"start":{"line":35,"column":55},"end":{"line":35,"column":56}},"loc":{"start":{"line":35,"column":73},"end":{"line":37,"column":5}},"line":35},"6":{"name":"(anonymous_6)","decl":{"start":{"line":56,"column":31},"end":{"line":56,"column":32}},"loc":{"start":{"line":56,"column":43},"end":{"line":58,"column":1}},"line":56},"7":{"name":"(anonymous_7)","decl":{"start":{"line":60,"column":34},"end":{"line":60,"column":35}},"loc":{"start":{"line":60,"column":49},"end":{"line":62,"column":1}},"line":60},"8":{"name":"(anonymous_8)","decl":{"start":{"line":61,"column":15},"end":{"line":61,"column":16}},"loc":{"start":{"line":61,"column":27},"end":{"line":61,"column":56}},"line":61}},"branchMap":{"0":{"loc":{"start":{"line":12,"column":6},"end":{"line":17,"column":7}},"type":"if","locations":[{"start":{"line":12,"column":6},"end":{"line":17,"column":7}},{"start":{"line":12,"column":6},"end":{"line":17,"column":7}}],"line":12},"1":{"loc":{"start":{"line":25,"column":6},"end":{"line":29,"column":7}},"type":"if","locations":[{"start":{"line":25,"column":6},"end":{"line":29,"column":7}},{"start":{"line":25,"column":6},"end":{"line":29,"column":7}}],"line":25}},"s":{"0":2,"1":0,"2":0,"3":0,"4":0,"5":0,"6":0,"7":2,"8":1,"9":1,"10":5,"11":0,"12":5,"13":1,"14":2,"15":10,"16":2,"17":2,"18":2,"19":1,"20":2,"21":1,"22":1},"f":{"0":0,"1":0,"2":1,"3":5,"4":2,"5":10,"6":1,"7":1,"8":1},"b":{"0":[0,0],"1":[0,5]},"_coverageSchema":"43e27e138ebf9cfc5966b082cf9a028302ed4184","hash":"ad456bbd099638b76a5e515b4bb82894454b56ef"}
,"/Users/jessicahansen/turing/mod4/palette-picker/FE-Palette-Picker/src/containers/Projects/Projects.js": {"path":"/Users/jessicahansen/turing/mod4/palette-picker/FE-Palette-Picker/src/containers/Projects/Projects.js","statementMap":{"0":{"start":{"line":14,"column":4},"end":{"line":14,"column":12}},"1":{"start":{"line":15,"column":4},"end":{"line":24,"column":5}},"2":{"start":{"line":27,"column":17},"end":{"line":30,"column":3}},"3":{"start":{"line":28,"column":28},"end":{"line":28,"column":36}},"4":{"start":{"line":29,"column":4},"end":{"line":29,"column":36}},"5":{"start":{"line":32,"column":18},"end":{"line":44,"column":3}},"6":{"start":{"line":33,"column":4},"end":{"line":33,"column":22}},"7":{"start":{"line":34,"column":24},"end":{"line":34,"column":47}},"8":{"start":{"line":35,"column":23},"end":{"line":35,"column":101}},"9":{"start":{"line":35,"column":64},"end":{"line":35,"column":100}},"10":{"start":{"line":36,"column":4},"end":{"line":43,"column":5}},"11":{"start":{"line":37,"column":19},"end":{"line":37,"column":48}},"12":{"start":{"line":38,"column":22},"end":{"line":38,"column":61}},"13":{"start":{"line":39,"column":6},"end":{"line":39,"column":53}},"14":{"start":{"line":40,"column":6},"end":{"line":40,"column":31}},"15":{"start":{"line":42,"column":6},"end":{"line":42,"column":94}},"16":{"start":{"line":46,"column":18},"end":{"line":51,"column":3}},"17":{"start":{"line":47,"column":15},"end":{"line":47,"column":36}},"18":{"start":{"line":48,"column":28},"end":{"line":48,"column":92}},"19":{"start":{"line":48,"column":66},"end":{"line":48,"column":91}},"20":{"start":{"line":49,"column":4},"end":{"line":49,"column":45}},"21":{"start":{"line":50,"column":4},"end":{"line":50,"column":32}},"22":{"start":{"line":53,"column":18},"end":{"line":58,"column":3}},"23":{"start":{"line":54,"column":15},"end":{"line":54,"column":36}},"24":{"start":{"line":55,"column":28},"end":{"line":55,"column":92}},"25":{"start":{"line":55,"column":66},"end":{"line":55,"column":91}},"26":{"start":{"line":56,"column":4},"end":{"line":56,"column":45}},"27":{"start":{"line":57,"column":4},"end":{"line":57,"column":32}},"28":{"start":{"line":60,"column":15},"end":{"line":67,"column":3}},"29":{"start":{"line":61,"column":4},"end":{"line":61,"column":22}},"30":{"start":{"line":62,"column":4},"end":{"line":65,"column":6}},"31":{"start":{"line":63,"column":21},"end":{"line":63,"column":41}},"32":{"start":{"line":64,"column":6},"end":{"line":64,"column":48}},"33":{"start":{"line":66,"column":4},"end":{"line":66,"column":24}},"34":{"start":{"line":69,"column":18},"end":{"line":82,"column":3}},"35":{"start":{"line":70,"column":86},"end":{"line":70,"column":96}},"36":{"start":{"line":71,"column":17},"end":{"line":79,"column":5}},"37":{"start":{"line":80,"column":20},"end":{"line":80,"column":59}},"38":{"start":{"line":81,"column":4},"end":{"line":81,"column":44}},"39":{"start":{"line":85,"column":24},"end":{"line":88,"column":6}},"40":{"start":{"line":86,"column":24},"end":{"line":86,"column":44}},"41":{"start":{"line":87,"column":6},"end":{"line":87,"column":110}},"42":{"start":{"line":89,"column":30},"end":{"line":117,"column":6}},"43":{"start":{"line":90,"column":6},"end":{"line":116,"column":12}},"44":{"start":{"line":97,"column":12},"end":{"line":113,"column":13}},"45":{"start":{"line":98,"column":14},"end":{"line":112,"column":20}},"46":{"start":{"line":118,"column":4},"end":{"line":142,"column":5}},"47":{"start":{"line":146,"column":0},"end":{"line":158,"column":1}},"48":{"start":{"line":160,"column":31},"end":{"line":165,"column":2}},"49":{"start":{"line":160,"column":43},"end":{"line":165,"column":1}},"50":{"start":{"line":167,"column":34},"end":{"line":175,"column":2}},"51":{"start":{"line":167,"column":49},"end":{"line":175,"column":1}},"52":{"start":{"line":168,"column":33},"end":{"line":168,"column":68}},"53":{"start":{"line":169,"column":38},"end":{"line":169,"column":78}},"54":{"start":{"line":170,"column":25},"end":{"line":170,"column":52}},"55":{"start":{"line":171,"column":38},"end":{"line":171,"column":78}},"56":{"start":{"line":172,"column":25},"end":{"line":172,"column":52}},"57":{"start":{"line":173,"column":27},"end":{"line":173,"column":56}},"58":{"start":{"line":174,"column":37},"end":{"line":174,"column":76}}},"fnMap":{"0":{"name":"(anonymous_0)","decl":{"start":{"line":13,"column":2},"end":{"line":13,"column":3}},"loc":{"start":{"line":13,"column":16},"end":{"line":25,"column":3}},"line":13},"1":{"name":"(anonymous_1)","decl":{"start":{"line":27,"column":17},"end":{"line":27,"column":18}},"loc":{"start":{"line":27,"column":24},"end":{"line":30,"column":3}},"line":27},"2":{"name":"(anonymous_2)","decl":{"start":{"line":32,"column":18},"end":{"line":32,"column":19}},"loc":{"start":{"line":32,"column":31},"end":{"line":44,"column":3}},"line":32},"3":{"name":"(anonymous_3)","decl":{"start":{"line":35,"column":53},"end":{"line":35,"column":54}},"loc":{"start":{"line":35,"column":64},"end":{"line":35,"column":100}},"line":35},"4":{"name":"(anonymous_4)","decl":{"start":{"line":46,"column":18},"end":{"line":46,"column":19}},"loc":{"start":{"line":46,"column":25},"end":{"line":51,"column":3}},"line":46},"5":{"name":"(anonymous_5)","decl":{"start":{"line":48,"column":55},"end":{"line":48,"column":56}},"loc":{"start":{"line":48,"column":66},"end":{"line":48,"column":91}},"line":48},"6":{"name":"(anonymous_6)","decl":{"start":{"line":53,"column":18},"end":{"line":53,"column":19}},"loc":{"start":{"line":53,"column":25},"end":{"line":58,"column":3}},"line":53},"7":{"name":"(anonymous_7)","decl":{"start":{"line":55,"column":55},"end":{"line":55,"column":56}},"loc":{"start":{"line":55,"column":66},"end":{"line":55,"column":91}},"line":55},"8":{"name":"(anonymous_8)","decl":{"start":{"line":60,"column":15},"end":{"line":60,"column":16}},"loc":{"start":{"line":60,"column":28},"end":{"line":67,"column":3}},"line":60},"9":{"name":"(anonymous_9)","decl":{"start":{"line":62,"column":43},"end":{"line":62,"column":44}},"loc":{"start":{"line":62,"column":61},"end":{"line":65,"column":5}},"line":62},"10":{"name":"(anonymous_10)","decl":{"start":{"line":69,"column":18},"end":{"line":69,"column":19}},"loc":{"start":{"line":69,"column":30},"end":{"line":82,"column":3}},"line":69},"11":{"name":"(anonymous_11)","decl":{"start":{"line":84,"column":2},"end":{"line":84,"column":3}},"loc":{"start":{"line":84,"column":11},"end":{"line":143,"column":3}},"line":84},"12":{"name":"(anonymous_12)","decl":{"start":{"line":85,"column":48},"end":{"line":85,"column":49}},"loc":{"start":{"line":85,"column":68},"end":{"line":88,"column":5}},"line":85},"13":{"name":"(anonymous_13)","decl":{"start":{"line":89,"column":54},"end":{"line":89,"column":55}},"loc":{"start":{"line":89,"column":74},"end":{"line":117,"column":5}},"line":89},"14":{"name":"(anonymous_14)","decl":{"start":{"line":96,"column":34},"end":{"line":96,"column":35}},"loc":{"start":{"line":96,"column":54},"end":{"line":114,"column":11}},"line":96},"15":{"name":"(anonymous_15)","decl":{"start":{"line":160,"column":31},"end":{"line":160,"column":32}},"loc":{"start":{"line":160,"column":43},"end":{"line":165,"column":1}},"line":160},"16":{"name":"(anonymous_16)","decl":{"start":{"line":167,"column":34},"end":{"line":167,"column":35}},"loc":{"start":{"line":167,"column":49},"end":{"line":175,"column":1}},"line":167},"17":{"name":"(anonymous_17)","decl":{"start":{"line":168,"column":18},"end":{"line":168,"column":19}},"loc":{"start":{"line":168,"column":33},"end":{"line":168,"column":68}},"line":168},"18":{"name":"(anonymous_18)","decl":{"start":{"line":169,"column":17},"end":{"line":169,"column":18}},"loc":{"start":{"line":169,"column":38},"end":{"line":169,"column":78}},"line":169},"19":{"name":"(anonymous_19)","decl":{"start":{"line":170,"column":17},"end":{"line":170,"column":18}},"loc":{"start":{"line":170,"column":25},"end":{"line":170,"column":52}},"line":170},"20":{"name":"(anonymous_20)","decl":{"start":{"line":171,"column":17},"end":{"line":171,"column":18}},"loc":{"start":{"line":171,"column":38},"end":{"line":171,"column":78}},"line":171},"21":{"name":"(anonymous_21)","decl":{"start":{"line":172,"column":17},"end":{"line":172,"column":18}},"loc":{"start":{"line":172,"column":25},"end":{"line":172,"column":52}},"line":172},"22":{"name":"(anonymous_22)","decl":{"start":{"line":173,"column":14},"end":{"line":173,"column":15}},"loc":{"start":{"line":173,"column":27},"end":{"line":173,"column":56}},"line":173},"23":{"name":"(anonymous_23)","decl":{"start":{"line":174,"column":18},"end":{"line":174,"column":19}},"loc":{"start":{"line":174,"column":37},"end":{"line":174,"column":76}},"line":174}},"branchMap":{"0":{"loc":{"start":{"line":36,"column":4},"end":{"line":43,"column":5}},"type":"if","locations":[{"start":{"line":36,"column":4},"end":{"line":43,"column":5}},{"start":{"line":36,"column":4},"end":{"line":43,"column":5}}],"line":36},"1":{"loc":{"start":{"line":97,"column":12},"end":{"line":113,"column":13}},"type":"if","locations":[{"start":{"line":97,"column":12},"end":{"line":113,"column":13}},{"start":{"line":97,"column":12},"end":{"line":113,"column":13}}],"line":97},"2":{"loc":{"start":{"line":124,"column":9},"end":{"line":126,"column":9}},"type":"cond-expr","locations":[{"start":{"line":125,"column":10},"end":{"line":125,"column":62}},{"start":{"line":125,"column":67},"end":{"line":125,"column":74}}],"line":124}},"s":{"0":5,"1":5,"2":5,"3":2,"4":2,"5":5,"6":1,"7":1,"8":1,"9":2,"10":1,"11":1,"12":1,"13":1,"14":1,"15":0,"16":5,"17":0,"18":0,"19":0,"20":0,"21":0,"22":5,"23":0,"24":0,"25":0,"26":0,"27":0,"28":5,"29":0,"30":0,"31":0,"32":0,"33":0,"34":5,"35":0,"36":0,"37":0,"38":0,"39":8,"40":16,"41":16,"42":8,"43":16,"44":32,"45":16,"46":8,"47":2,"48":2,"49":1,"50":2,"51":6,"52":1,"53":1,"54":1,"55":1,"56":1,"57":0,"58":1},"f":{"0":5,"1":2,"2":1,"3":2,"4":0,"5":0,"6":0,"7":0,"8":0,"9":0,"10":0,"11":8,"12":16,"13":16,"14":32,"15":1,"16":6,"17":1,"18":1,"19":1,"20":1,"21":1,"22":0,"23":1},"b":{"0":[1,0],"1":[16,16],"2":[8,0]},"_coverageSchema":"43e27e138ebf9cfc5966b082cf9a028302ed4184","hash":"b99df012e9435456f4783dff1043c06064ea7323"}
,"/Users/jessicahansen/turing/mod4/palette-picker/FE-Palette-Picker/src/reducers/colorsReducer.js": {"path":"/Users/jessicahansen/turing/mod4/palette-picker/FE-Palette-Picker/src/reducers/colorsReducer.js","statementMap":{"0":{"start":{"line":1,"column":29},"end":{"line":8,"column":1}},"1":{"start":{"line":2,"column":2},"end":{"line":7,"column":3}},"2":{"start":{"line":4,"column":6},"end":{"line":4,"column":26}},"3":{"start":{"line":6,"column":6},"end":{"line":6,"column":18}}},"fnMap":{"0":{"name":"(anonymous_0)","decl":{"start":{"line":1,"column":29},"end":{"line":1,"column":30}},"loc":{"start":{"line":1,"column":53},"end":{"line":8,"column":1}},"line":1}},"branchMap":{"0":{"loc":{"start":{"line":1,"column":30},"end":{"line":1,"column":40}},"type":"default-arg","locations":[{"start":{"line":1,"column":38},"end":{"line":1,"column":40}}],"line":1},"1":{"loc":{"start":{"line":2,"column":2},"end":{"line":7,"column":3}},"type":"switch","locations":[{"start":{"line":3,"column":4},"end":{"line":4,"column":26}},{"start":{"line":5,"column":4},"end":{"line":6,"column":18}}],"line":2}},"s":{"0":1,"1":2,"2":1,"3":1},"f":{"0":2},"b":{"0":[0],"1":[1,1]},"_coverageSchema":"43e27e138ebf9cfc5966b082cf9a028302ed4184","hash":"5ad16002c15382a6e33f827cbf87f7957d86e207"}
,"/Users/jessicahansen/turing/mod4/palette-picker/FE-Palette-Picker/src/reducers/errorReducer.js": {"path":"/Users/jessicahansen/turing/mod4/palette-picker/FE-Palette-Picker/src/reducers/errorReducer.js","statementMap":{"0":{"start":{"line":1,"column":28},"end":{"line":8,"column":1}},"1":{"start":{"line":2,"column":2},"end":{"line":7,"column":3}},"2":{"start":{"line":4,"column":6},"end":{"line":4,"column":27}},"3":{"start":{"line":6,"column":6},"end":{"line":6,"column":18}}},"fnMap":{"0":{"name":"(anonymous_0)","decl":{"start":{"line":1,"column":28},"end":{"line":1,"column":29}},"loc":{"start":{"line":1,"column":51},"end":{"line":8,"column":1}},"line":1}},"branchMap":{"0":{"loc":{"start":{"line":1,"column":29},"end":{"line":1,"column":38}},"type":"default-arg","locations":[{"start":{"line":1,"column":36},"end":{"line":1,"column":38}}],"line":1},"1":{"loc":{"start":{"line":2,"column":2},"end":{"line":7,"column":3}},"type":"switch","locations":[{"start":{"line":3,"column":4},"end":{"line":4,"column":27}},{"start":{"line":5,"column":4},"end":{"line":6,"column":18}}],"line":2}},"s":{"0":1,"1":2,"2":1,"3":1},"f":{"0":2},"b":{"0":[0],"1":[1,1]},"_coverageSchema":"43e27e138ebf9cfc5966b082cf9a028302ed4184","hash":"d357be27c3e656a9841a17775135f4255ef6f079"}
,"/Users/jessicahansen/turing/mod4/palette-picker/FE-Palette-Picker/src/reducers/isLoadingReducer.js": {"path":"/Users/jessicahansen/turing/mod4/palette-picker/FE-Palette-Picker/src/reducers/isLoadingReducer.js","statementMap":{"0":{"start":{"line":1,"column":32},"end":{"line":8,"column":1}},"1":{"start":{"line":2,"column":2},"end":{"line":7,"column":3}},"2":{"start":{"line":4,"column":6},"end":{"line":4,"column":30}},"3":{"start":{"line":6,"column":6},"end":{"line":6,"column":19}}},"fnMap":{"0":{"name":"(anonymous_0)","decl":{"start":{"line":1,"column":32},"end":{"line":1,"column":33}},"loc":{"start":{"line":1,"column":59},"end":{"line":8,"column":1}},"line":1}},"branchMap":{"0":{"loc":{"start":{"line":1,"column":33},"end":{"line":1,"column":46}},"type":"default-arg","locations":[{"start":{"line":1,"column":41},"end":{"line":1,"column":46}}],"line":1},"1":{"loc":{"start":{"line":2,"column":2},"end":{"line":7,"column":3}},"type":"switch","locations":[{"start":{"line":3,"column":4},"end":{"line":4,"column":30}},{"start":{"line":5,"column":4},"end":{"line":6,"column":19}}],"line":2}},"s":{"0":1,"1":2,"2":1,"3":1},"f":{"0":2},"b":{"0":[0],"1":[1,1]},"_coverageSchema":"43e27e138ebf9cfc5966b082cf9a028302ed4184","hash":"1df209042e514fede082decdad08c8f575266716"}
,"/Users/jessicahansen/turing/mod4/palette-picker/FE-Palette-Picker/src/reducers/messageReducer.js": {"path":"/Users/jessicahansen/turing/mod4/palette-picker/FE-Palette-Picker/src/reducers/messageReducer.js","statementMap":{"0":{"start":{"line":1,"column":30},"end":{"line":8,"column":1}},"1":{"start":{"line":2,"column":2},"end":{"line":7,"column":3}},"2":{"start":{"line":4,"column":6},"end":{"line":4,"column":27}},"3":{"start":{"line":6,"column":4},"end":{"line":6,"column":16}}},"fnMap":{"0":{"name":"(anonymous_0)","decl":{"start":{"line":1,"column":30},"end":{"line":1,"column":31}},"loc":{"start":{"line":1,"column":52},"end":{"line":8,"column":1}},"line":1}},"branchMap":{"0":{"loc":{"start":{"line":1,"column":31},"end":{"line":1,"column":39}},"type":"default-arg","locations":[{"start":{"line":1,"column":37},"end":{"line":1,"column":39}}],"line":1},"1":{"loc":{"start":{"line":2,"column":2},"end":{"line":7,"column":3}},"type":"switch","locations":[{"start":{"line":3,"column":4},"end":{"line":4,"column":27}},{"start":{"line":5,"column":4},"end":{"line":6,"column":16}}],"line":2}},"s":{"0":1,"1":2,"2":1,"3":1},"f":{"0":2},"b":{"0":[0],"1":[1,1]},"_coverageSchema":"43e27e138ebf9cfc5966b082cf9a028302ed4184","hash":"100aff44c275a5962894ddc9159004f1f532ca2e"}
,"/Users/jessicahansen/turing/mod4/palette-picker/FE-Palette-Picker/src/reducers/palettesReducer.js": {"path":"/Users/jessicahansen/turing/mod4/palette-picker/FE-Palette-Picker/src/reducers/palettesReducer.js","statementMap":{"0":{"start":{"line":1,"column":31},"end":{"line":10,"column":1}},"1":{"start":{"line":2,"column":2},"end":{"line":9,"column":3}},"2":{"start":{"line":4,"column":6},"end":{"line":4,"column":28}},"3":{"start":{"line":6,"column":6},"end":{"line":6,"column":42}},"4":{"start":{"line":8,"column":6},"end":{"line":8,"column":18}}},"fnMap":{"0":{"name":"(anonymous_0)","decl":{"start":{"line":1,"column":31},"end":{"line":1,"column":32}},"loc":{"start":{"line":1,"column":55},"end":{"line":10,"column":1}},"line":1}},"branchMap":{"0":{"loc":{"start":{"line":1,"column":32},"end":{"line":1,"column":42}},"type":"default-arg","locations":[{"start":{"line":1,"column":40},"end":{"line":1,"column":42}}],"line":1},"1":{"loc":{"start":{"line":2,"column":2},"end":{"line":9,"column":3}},"type":"switch","locations":[{"start":{"line":3,"column":4},"end":{"line":4,"column":28}},{"start":{"line":5,"column":4},"end":{"line":6,"column":42}},{"start":{"line":7,"column":4},"end":{"line":8,"column":18}}],"line":2}},"s":{"0":1,"1":3,"2":1,"3":1,"4":1},"f":{"0":3},"b":{"0":[0],"1":[1,1,1]},"_coverageSchema":"43e27e138ebf9cfc5966b082cf9a028302ed4184","hash":"217767c56fc6a526c06e0003ebfb833f23e626e5"}
,"/Users/jessicahansen/turing/mod4/palette-picker/FE-Palette-Picker/src/reducers/projectsReducer.js": {"path":"/Users/jessicahansen/turing/mod4/palette-picker/FE-Palette-Picker/src/reducers/projectsReducer.js","statementMap":{"0":{"start":{"line":1,"column":31},"end":{"line":10,"column":1}},"1":{"start":{"line":2,"column":2},"end":{"line":9,"column":3}},"2":{"start":{"line":4,"column":6},"end":{"line":4,"column":28}},"3":{"start":{"line":6,"column":6},"end":{"line":6,"column":42}},"4":{"start":{"line":8,"column":6},"end":{"line":8,"column":18}}},"fnMap":{"0":{"name":"(anonymous_0)","decl":{"start":{"line":1,"column":31},"end":{"line":1,"column":32}},"loc":{"start":{"line":1,"column":55},"end":{"line":10,"column":1}},"line":1}},"branchMap":{"0":{"loc":{"start":{"line":1,"column":32},"end":{"line":1,"column":42}},"type":"default-arg","locations":[{"start":{"line":1,"column":40},"end":{"line":1,"column":42}}],"line":1},"1":{"loc":{"start":{"line":2,"column":2},"end":{"line":9,"column":3}},"type":"switch","locations":[{"start":{"line":3,"column":4},"end":{"line":4,"column":28}},{"start":{"line":5,"column":4},"end":{"line":6,"column":42}},{"start":{"line":7,"column":4},"end":{"line":8,"column":18}}],"line":2}},"s":{"0":1,"1":3,"2":1,"3":1,"4":1},"f":{"0":3},"b":{"0":[0],"1":[1,1,1]},"_coverageSchema":"43e27e138ebf9cfc5966b082cf9a028302ed4184","hash":"92f99141f68a863fe871721ece328f5d859f51fc"}
,"/Users/jessicahansen/turing/mod4/palette-picker/FE-Palette-Picker/src/thunks/deletePalette.js": {"path":"/Users/jessicahansen/turing/mod4/palette-picker/FE-Palette-Picker/src/thunks/deletePalette.js","statementMap":{"0":{"start":{"line":4,"column":29},"end":{"line":18,"column":1}},"1":{"start":{"line":5,"column":2},"end":{"line":17,"column":3}},"2":{"start":{"line":6,"column":16},"end":{"line":6,"column":76}},"3":{"start":{"line":7,"column":4},"end":{"line":16,"column":5}},"4":{"start":{"line":8,"column":22},"end":{"line":8,"column":51}},"5":{"start":{"line":9,"column":23},"end":{"line":9,"column":48}},"6":{"start":{"line":10,"column":6},"end":{"line":12,"column":7}},"7":{"start":{"line":11,"column":8},"end":{"line":11,"column":41}},"8":{"start":{"line":13,"column":21},"end":{"line":13,"column":42}},"9":{"start":{"line":15,"column":6},"end":{"line":15,"column":39}}},"fnMap":{"0":{"name":"(anonymous_0)","decl":{"start":{"line":4,"column":29},"end":{"line":4,"column":30}},"loc":{"start":{"line":4,"column":37},"end":{"line":18,"column":1}},"line":4},"1":{"name":"(anonymous_1)","decl":{"start":{"line":5,"column":9},"end":{"line":5,"column":10}},"loc":{"start":{"line":5,"column":29},"end":{"line":17,"column":3}},"line":5}},"branchMap":{"0":{"loc":{"start":{"line":10,"column":6},"end":{"line":12,"column":7}},"type":"if","locations":[{"start":{"line":10,"column":6},"end":{"line":12,"column":7}},{"start":{"line":10,"column":6},"end":{"line":12,"column":7}}],"line":10}},"s":{"0":3,"1":3,"2":2,"3":2,"4":2,"5":2,"6":2,"7":1,"8":1,"9":1},"f":{"0":3,"1":2},"b":{"0":[1,1]},"_coverageSchema":"43e27e138ebf9cfc5966b082cf9a028302ed4184","hash":"fd913ce20fb19b0efa4b76c75c4ac8162f893bc3"}
,"/Users/jessicahansen/turing/mod4/palette-picker/FE-Palette-Picker/src/thunks/deleteProject.js": {"path":"/Users/jessicahansen/turing/mod4/palette-picker/FE-Palette-Picker/src/thunks/deleteProject.js","statementMap":{"0":{"start":{"line":4,"column":29},"end":{"line":17,"column":1}},"1":{"start":{"line":5,"column":2},"end":{"line":16,"column":3}},"2":{"start":{"line":6,"column":16},"end":{"line":6,"column":76}},"3":{"start":{"line":7,"column":4},"end":{"line":15,"column":5}},"4":{"start":{"line":8,"column":22},"end":{"line":8,"column":51}},"5":{"start":{"line":9,"column":23},"end":{"line":9,"column":48}},"6":{"start":{"line":10,"column":6},"end":{"line":12,"column":7}},"7":{"start":{"line":11,"column":8},"end":{"line":11,"column":41}},"8":{"start":{"line":14,"column":6},"end":{"line":14,"column":39}}},"fnMap":{"0":{"name":"(anonymous_0)","decl":{"start":{"line":4,"column":29},"end":{"line":4,"column":30}},"loc":{"start":{"line":4,"column":37},"end":{"line":17,"column":1}},"line":4},"1":{"name":"(anonymous_1)","decl":{"start":{"line":5,"column":9},"end":{"line":5,"column":10}},"loc":{"start":{"line":5,"column":29},"end":{"line":16,"column":3}},"line":5}},"branchMap":{"0":{"loc":{"start":{"line":10,"column":6},"end":{"line":12,"column":7}},"type":"if","locations":[{"start":{"line":10,"column":6},"end":{"line":12,"column":7}},{"start":{"line":10,"column":6},"end":{"line":12,"column":7}}],"line":10}},"s":{"0":3,"1":2,"2":1,"3":1,"4":1,"5":1,"6":1,"7":1,"8":1},"f":{"0":2,"1":1},"b":{"0":[1,0]},"_coverageSchema":"43e27e138ebf9cfc5966b082cf9a028302ed4184","hash":"7765c22c0f484dfff694adb29bc095a6a42264cd"}
,"/Users/jessicahansen/turing/mod4/palette-picker/FE-Palette-Picker/src/thunks/fetchPalettes.js": {"path":"/Users/jessicahansen/turing/mod4/palette-picker/FE-Palette-Picker/src/thunks/fetchPalettes.js","statementMap":{"0":{"start":{"line":3,"column":29},"end":{"line":19,"column":1}},"1":{"start":{"line":4,"column":2},"end":{"line":18,"column":3}},"2":{"start":{"line":5,"column":16},"end":{"line":5,"column":70}},"3":{"start":{"line":6,"column":4},"end":{"line":17,"column":5}},"4":{"start":{"line":7,"column":6},"end":{"line":7,"column":31}},"5":{"start":{"line":8,"column":23},"end":{"line":8,"column":39}},"6":{"start":{"line":9,"column":6},"end":{"line":11,"column":7}},"7":{"start":{"line":10,"column":8},"end":{"line":10,"column":41}},"8":{"start":{"line":12,"column":23},"end":{"line":12,"column":44}},"9":{"start":{"line":13,"column":6},"end":{"line":13,"column":39}},"10":{"start":{"line":14,"column":6},"end":{"line":14,"column":32}},"11":{"start":{"line":16,"column":6},"end":{"line":16,"column":39}}},"fnMap":{"0":{"name":"(anonymous_0)","decl":{"start":{"line":3,"column":29},"end":{"line":3,"column":30}},"loc":{"start":{"line":3,"column":35},"end":{"line":19,"column":1}},"line":3},"1":{"name":"(anonymous_1)","decl":{"start":{"line":4,"column":9},"end":{"line":4,"column":10}},"loc":{"start":{"line":4,"column":29},"end":{"line":18,"column":3}},"line":4}},"branchMap":{"0":{"loc":{"start":{"line":9,"column":6},"end":{"line":11,"column":7}},"type":"if","locations":[{"start":{"line":9,"column":6},"end":{"line":11,"column":7}},{"start":{"line":9,"column":6},"end":{"line":11,"column":7}}],"line":9}},"s":{"0":2,"1":2,"2":2,"3":2,"4":2,"5":2,"6":2,"7":1,"8":1,"9":1,"10":1,"11":1},"f":{"0":2,"1":2},"b":{"0":[1,1]},"_coverageSchema":"43e27e138ebf9cfc5966b082cf9a028302ed4184","hash":"19716001508df753a6d8bf7d9574d3e115763400"}
,"/Users/jessicahansen/turing/mod4/palette-picker/FE-Palette-Picker/src/thunks/fetchProjects.js": {"path":"/Users/jessicahansen/turing/mod4/palette-picker/FE-Palette-Picker/src/thunks/fetchProjects.js","statementMap":{"0":{"start":{"line":3,"column":29},"end":{"line":19,"column":1}},"1":{"start":{"line":4,"column":2},"end":{"line":18,"column":3}},"2":{"start":{"line":5,"column":16},"end":{"line":5,"column":70}},"3":{"start":{"line":6,"column":4},"end":{"line":17,"column":5}},"4":{"start":{"line":7,"column":6},"end":{"line":7,"column":31}},"5":{"start":{"line":8,"column":23},"end":{"line":8,"column":39}},"6":{"start":{"line":9,"column":6},"end":{"line":11,"column":7}},"7":{"start":{"line":10,"column":8},"end":{"line":10,"column":41}},"8":{"start":{"line":12,"column":23},"end":{"line":12,"column":44}},"9":{"start":{"line":13,"column":6},"end":{"line":13,"column":39}},"10":{"start":{"line":14,"column":6},"end":{"line":14,"column":32}},"11":{"start":{"line":16,"column":6},"end":{"line":16,"column":39}}},"fnMap":{"0":{"name":"(anonymous_0)","decl":{"start":{"line":3,"column":29},"end":{"line":3,"column":30}},"loc":{"start":{"line":3,"column":35},"end":{"line":19,"column":1}},"line":3},"1":{"name":"(anonymous_1)","decl":{"start":{"line":4,"column":9},"end":{"line":4,"column":10}},"loc":{"start":{"line":4,"column":29},"end":{"line":18,"column":3}},"line":4}},"branchMap":{"0":{"loc":{"start":{"line":9,"column":6},"end":{"line":11,"column":7}},"type":"if","locations":[{"start":{"line":9,"column":6},"end":{"line":11,"column":7}},{"start":{"line":9,"column":6},"end":{"line":11,"column":7}}],"line":9}},"s":{"0":2,"1":2,"2":2,"3":2,"4":2,"5":2,"6":2,"7":1,"8":1,"9":1,"10":1,"11":1},"f":{"0":2,"1":2},"b":{"0":[1,1]},"_coverageSchema":"43e27e138ebf9cfc5966b082cf9a028302ed4184","hash":"b993ea494fbedea6d01340ee83f266a11a9002cd"}
,"/Users/jessicahansen/turing/mod4/palette-picker/FE-Palette-Picker/src/thunks/postNewPalette.js": {"path":"/Users/jessicahansen/turing/mod4/palette-picker/FE-Palette-Picker/src/thunks/postNewPalette.js","statementMap":{"0":{"start":{"line":3,"column":30},"end":{"line":27,"column":1}},"1":{"start":{"line":4,"column":2},"end":{"line":26,"column":3}},"2":{"start":{"line":5,"column":16},"end":{"line":5,"column":70}},"3":{"start":{"line":6,"column":4},"end":{"line":25,"column":5}},"4":{"start":{"line":7,"column":23},"end":{"line":7,"column":48}},"5":{"start":{"line":8,"column":6},"end":{"line":10,"column":7}},"6":{"start":{"line":9,"column":8},"end":{"line":9,"column":41}},"7":{"start":{"line":11,"column":21},"end":{"line":11,"column":42}},"8":{"start":{"line":12,"column":25},"end":{"line":21,"column":7}},"9":{"start":{"line":22,"column":6},"end":{"line":22,"column":38}},"10":{"start":{"line":24,"column":6},"end":{"line":24,"column":39}}},"fnMap":{"0":{"name":"(anonymous_0)","decl":{"start":{"line":3,"column":30},"end":{"line":3,"column":31}},"loc":{"start":{"line":3,"column":49},"end":{"line":27,"column":1}},"line":3},"1":{"name":"(anonymous_1)","decl":{"start":{"line":4,"column":9},"end":{"line":4,"column":10}},"loc":{"start":{"line":4,"column":29},"end":{"line":26,"column":3}},"line":4}},"branchMap":{"0":{"loc":{"start":{"line":8,"column":6},"end":{"line":10,"column":7}},"type":"if","locations":[{"start":{"line":8,"column":6},"end":{"line":10,"column":7}},{"start":{"line":8,"column":6},"end":{"line":10,"column":7}}],"line":8}},"s":{"0":3,"1":2,"2":2,"3":2,"4":2,"5":2,"6":1,"7":1,"8":1,"9":1,"10":1},"f":{"0":2,"1":2},"b":{"0":[1,1]},"_coverageSchema":"43e27e138ebf9cfc5966b082cf9a028302ed4184","hash":"19e3310525831df0d9e10eb1ac69d1e661a4891d"}
,"/Users/jessicahansen/turing/mod4/palette-picker/FE-Palette-Picker/src/thunks/postNewProject.js": {"path":"/Users/jessicahansen/turing/mod4/palette-picker/FE-Palette-Picker/src/thunks/postNewProject.js","statementMap":{"0":{"start":{"line":3,"column":30},"end":{"line":21,"column":1}},"1":{"start":{"line":4,"column":2},"end":{"line":20,"column":3}},"2":{"start":{"line":5,"column":16},"end":{"line":5,"column":70}},"3":{"start":{"line":6,"column":4},"end":{"line":19,"column":5}},"4":{"start":{"line":7,"column":23},"end":{"line":7,"column":45}},"5":{"start":{"line":8,"column":6},"end":{"line":10,"column":7}},"6":{"start":{"line":9,"column":8},"end":{"line":9,"column":41}},"7":{"start":{"line":11,"column":21},"end":{"line":11,"column":42}},"8":{"start":{"line":12,"column":25},"end":{"line":15,"column":7}},"9":{"start":{"line":16,"column":6},"end":{"line":16,"column":38}},"10":{"start":{"line":18,"column":6},"end":{"line":18,"column":39}}},"fnMap":{"0":{"name":"(anonymous_0)","decl":{"start":{"line":3,"column":30},"end":{"line":3,"column":31}},"loc":{"start":{"line":3,"column":53},"end":{"line":21,"column":1}},"line":3},"1":{"name":"(anonymous_1)","decl":{"start":{"line":4,"column":9},"end":{"line":4,"column":10}},"loc":{"start":{"line":4,"column":29},"end":{"line":20,"column":3}},"line":4}},"branchMap":{"0":{"loc":{"start":{"line":8,"column":6},"end":{"line":10,"column":7}},"type":"if","locations":[{"start":{"line":8,"column":6},"end":{"line":10,"column":7}},{"start":{"line":8,"column":6},"end":{"line":10,"column":7}}],"line":8}},"s":{"0":3,"1":3,"2":2,"3":2,"4":2,"5":2,"6":1,"7":1,"8":1,"9":1,"10":1},"f":{"0":3,"1":2},"b":{"0":[1,1]},"_coverageSchema":"43e27e138ebf9cfc5966b082cf9a028302ed4184","hash":"b1de060634b6a017f112357e942c904381df7a9a"}
,"/Users/jessicahansen/turing/mod4/palette-picker/FE-Palette-Picker/src/utils/fetchOptionsCreator.js": {"path":"/Users/jessicahansen/turing/mod4/palette-picker/FE-Palette-Picker/src/utils/fetchOptionsCreator.js","statementMap":{"0":{"start":{"line":1,"column":35},"end":{"line":7,"column":2}},"1":{"start":{"line":1,"column":52},"end":{"line":7,"column":1}}},"fnMap":{"0":{"name":"(anonymous_0)","decl":{"start":{"line":1,"column":35},"end":{"line":1,"column":36}},"loc":{"start":{"line":1,"column":52},"end":{"line":7,"column":1}},"line":1}},"branchMap":{},"s":{"0":5,"1":4},"f":{"0":4},"b":{},"_coverageSchema":"43e27e138ebf9cfc5966b082cf9a028302ed4184","hash":"1c2faaec87b348b47387d0db7668925145993d6a"}
}
