TN:
SF:/Users/jessicahansen/turing/mod4/palette-picker/FE-Palette-Picker/src/actions/index.js
FN:1,(anonymous_0)
FN:6,(anonymous_1)
FN:11,(anonymous_2)
FN:16,(anonymous_3)
FN:21,(anonymous_4)
FN:26,(anonymous_5)
FNF:6
FNH:6
FNDA:14,(anonymous_0)
FNDA:5,(anonymous_1)
FNDA:3,(anonymous_2)
FNDA:4,(anonymous_3)
FNDA:4,(anonymous_4)
FNDA:5,(anonymous_5)
DA:1,16
DA:6,16
DA:11,16
DA:16,16
DA:21,16
DA:26,16
LF:6
LH:6
BRF:0
BRH:0
end_of_record
TN:
SF:/Users/jessicahansen/turing/mod4/palette-picker/FE-Palette-Picker/src/containers/App/App.js
FN:11,(anonymous_0)
FN:17,(anonymous_1)
FN:26,(anonymous_2)
FN:45,(anonymous_3)
FN:51,(anonymous_4)
FN:52,(anonymous_5)
FN:53,(anonymous_6)
FN:54,(anonymous_7)
FNF:8
FNH:8
FNDA:5,(anonymous_0)
FNDA:5,(anonymous_1)
FNDA:3,(anonymous_2)
FNDA:1,(anonymous_3)
FNDA:3,(anonymous_4)
FNDA:1,(anonymous_5)
FNDA:1,(anonymous_6)
FNDA:1,(anonymous_7)
DA:12,5
DA:13,5
DA:14,5
DA:17,3
DA:18,5
DA:19,5
DA:20,25
DA:21,25
DA:23,5
DA:27,3
DA:45,1
DA:51,3
DA:52,1
DA:53,1
DA:54,1
LF:15
LH:15
BRF:0
BRH:0
end_of_record
TN:
SF:/Users/jessicahansen/turing/mod4/palette-picker/FE-Palette-Picker/src/containers/Color/Color.js
FN:7,(anonymous_0)
FNF:1
FNH:1
FNDA:2,(anonymous_0)
DA:8,2
DA:9,2
LF:2
LH:2
BRDA:13,0,0,1
BRDA:13,0,1,1
BRF:2
BRH:2
end_of_record
TN:
SF:/Users/jessicahansen/turing/mod4/palette-picker/FE-Palette-Picker/src/containers/Palette/Palette.js
FN:10,(anonymous_0)
FN:23,(anonymous_1)
FN:24,(anonymous_2)
FN:35,(anonymous_3)
FN:37,(anonymous_4)
FN:47,(anonymous_5)
FN:49,(anonymous_6)
FN:56,(anonymous_7)
FN:62,(anonymous_8)
FN:67,(anonymous_9)
FN:68,(anonymous_10)
FN:71,(anonymous_11)
FN:96,(anonymous_12)
FN:101,(anonymous_13)
FN:102,(anonymous_14)
FN:103,(anonymous_15)
FNF:16
FNH:11
FNDA:4,(anonymous_0)
FNDA:0,(anonymous_1)
FNDA:0,(anonymous_2)
FNDA:1,(anonymous_3)
FNDA:5,(anonymous_4)
FNDA:0,(anonymous_5)
FNDA:0,(anonymous_6)
FNDA:0,(anonymous_7)
FNDA:1,(anonymous_8)
FNDA:5,(anonymous_9)
FNDA:25,(anonymous_10)
FNDA:10,(anonymous_11)
FNDA:1,(anonymous_12)
FNDA:2,(anonymous_13)
FNDA:1,(anonymous_14)
FNDA:1,(anonymous_15)
DA:11,4
DA:12,4
DA:23,4
DA:24,0
DA:25,0
DA:26,0
DA:28,0
DA:29,0
DA:32,0
DA:35,4
DA:36,1
DA:37,1
DA:38,5
DA:39,0
DA:41,5
DA:44,1
DA:47,4
DA:48,0
DA:49,0
DA:50,0
DA:51,0
DA:53,0
DA:56,4
DA:57,0
DA:58,0
DA:59,0
DA:62,4
DA:63,1
DA:64,1
DA:68,5
DA:69,25
DA:71,5
DA:72,10
DA:73,10
DA:75,5
DA:96,2
DA:101,2
DA:102,1
DA:103,1
LF:39
LH:24
BRDA:25,0,0,0
BRDA:25,0,1,0
BRDA:38,1,0,0
BRDA:38,1,1,5
BRF:4
BRH:1
end_of_record
TN:
SF:/Users/jessicahansen/turing/mod4/palette-picker/FE-Palette-Picker/src/containers/Projects/Projects.js
FN:11,(anonymous_0)
FN:19,(anonymous_1)
FN:24,(anonymous_2)
FN:32,(anonymous_3)
FN:34,(anonymous_4)
FN:39,(anonymous_5)
FN:41,(anonymous_6)
FN:46,(anonymous_7)
FN:47,(anonymous_8)
FN:54,(anonymous_9)
FN:79,(anonymous_10)
FN:84,(anonymous_11)
FN:85,(anonymous_12)
FN:86,(anonymous_13)
FN:87,(anonymous_14)
FN:88,(anonymous_15)
FN:89,(anonymous_16)
FNF:17
FNH:13
FNDA:4,(anonymous_0)
FNDA:1,(anonymous_1)
FNDA:1,(anonymous_2)
FNDA:0,(anonymous_3)
FNDA:0,(anonymous_4)
FNDA:0,(anonymous_5)
FNDA:0,(anonymous_6)
FNDA:6,(anonymous_7)
FNDA:12,(anonymous_8)
FNDA:24,(anonymous_9)
FNDA:1,(anonymous_10)
FNDA:5,(anonymous_11)
FNDA:1,(anonymous_12)
FNDA:1,(anonymous_13)
FNDA:1,(anonymous_14)
FNDA:1,(anonymous_15)
FNDA:1,(anonymous_16)
DA:12,4
DA:13,4
DA:19,4
DA:20,1
DA:21,1
DA:24,4
DA:25,1
DA:26,1
DA:27,1
DA:28,1
DA:29,1
DA:32,4
DA:33,0
DA:34,0
DA:35,0
DA:36,0
DA:39,4
DA:40,0
DA:41,0
DA:42,0
DA:43,0
DA:47,6
DA:48,12
DA:55,24
DA:56,12
DA:67,6
DA:79,2
DA:84,5
DA:85,1
DA:86,1
DA:87,1
DA:88,1
DA:89,1
LF:33
LH:25
BRDA:55,0,0,12
BRDA:55,0,1,12
BRF:2
BRH:2
end_of_record
TN:
SF:/Users/jessicahansen/turing/mod4/palette-picker/FE-Palette-Picker/src/reducers/colorsReducer.js
FN:1,(anonymous_0)
FNF:1
FNH:1
FNDA:2,(anonymous_0)
DA:1,1
DA:2,2
DA:4,1
DA:6,1
LF:4
LH:4
BRDA:1,0,0,0
BRDA:2,1,0,1
BRDA:2,1,1,1
BRF:3
BRH:2
end_of_record
TN:
SF:/Users/jessicahansen/turing/mod4/palette-picker/FE-Palette-Picker/src/reducers/errorReducer.js
FN:1,(anonymous_0)
FNF:1
FNH:1
FNDA:2,(anonymous_0)
DA:1,1
DA:2,2
DA:4,1
DA:6,1
LF:4
LH:4
BRDA:1,0,0,0
BRDA:2,1,0,1
BRDA:2,1,1,1
BRF:3
BRH:2
end_of_record
TN:
SF:/Users/jessicahansen/turing/mod4/palette-picker/FE-Palette-Picker/src/reducers/palettesReducer.js
FN:1,(anonymous_0)
FNF:1
FNH:1
FNDA:3,(anonymous_0)
DA:1,1
DA:2,3
DA:4,1
DA:6,1
DA:8,1
LF:5
LH:5
BRDA:1,0,0,0
BRDA:2,1,0,1
BRDA:2,1,1,1
BRDA:2,1,2,1
BRF:4
BRH:3
end_of_record
TN:
SF:/Users/jessicahansen/turing/mod4/palette-picker/FE-Palette-Picker/src/reducers/projectsReducer.js
FN:1,(anonymous_0)
FNF:1
FNH:1
FNDA:3,(anonymous_0)
DA:1,1
DA:2,3
DA:4,1
DA:6,1
DA:8,1
LF:5
LH:5
BRDA:1,0,0,0
BRDA:2,1,0,1
BRDA:2,1,1,1
BRDA:2,1,2,1
BRF:4
BRH:3
end_of_record
TN:
SF:/Users/jessicahansen/turing/mod4/palette-picker/FE-Palette-Picker/src/thunks/deletePalette.js
FN:4,(anonymous_0)
FN:5,(anonymous_1)
FNF:2
FNH:2
FNDA:2,(anonymous_0)
FNDA:1,(anonymous_1)
DA:4,3
DA:5,2
DA:6,1
DA:7,1
DA:8,1
DA:9,1
DA:10,1
DA:11,1
DA:14,1
LF:9
LH:9
BRDA:10,0,0,1
BRDA:10,0,1,0
BRF:2
BRH:1
end_of_record
TN:
SF:/Users/jessicahansen/turing/mod4/palette-picker/FE-Palette-Picker/src/thunks/deleteProject.js
FN:4,(anonymous_0)
FN:5,(anonymous_1)
FNF:2
FNH:2
FNDA:2,(anonymous_0)
FNDA:1,(anonymous_1)
DA:4,3
DA:5,2
DA:6,1
DA:7,1
DA:8,1
DA:9,1
DA:10,1
DA:11,1
DA:14,1
LF:9
LH:9
BRDA:10,0,0,1
BRDA:10,0,1,0
BRF:2
BRH:1
end_of_record
TN:
SF:/Users/jessicahansen/turing/mod4/palette-picker/FE-Palette-Picker/src/thunks/fetchPalettes.js
FN:3,(anonymous_0)
FN:4,(anonymous_1)
FNF:2
FNH:2
FNDA:2,(anonymous_0)
FNDA:2,(anonymous_1)
DA:3,2
DA:4,2
DA:5,2
DA:6,2
DA:7,2
DA:8,2
DA:9,1
DA:11,1
DA:12,1
DA:14,1
LF:10
LH:10
BRDA:8,0,0,1
BRDA:8,0,1,1
BRF:2
BRH:2
end_of_record
TN:
SF:/Users/jessicahansen/turing/mod4/palette-picker/FE-Palette-Picker/src/thunks/fetchProjects.js
FN:3,(anonymous_0)
FN:4,(anonymous_1)
FNF:2
FNH:2
FNDA:2,(anonymous_0)
FNDA:2,(anonymous_1)
DA:3,2
DA:4,2
DA:5,2
DA:6,2
DA:7,2
DA:8,2
DA:9,1
DA:11,1
DA:12,1
DA:14,1
LF:10
LH:10
BRDA:8,0,0,1
BRDA:8,0,1,1
BRF:2
BRH:2
end_of_record
TN:
SF:/Users/jessicahansen/turing/mod4/palette-picker/FE-Palette-Picker/src/thunks/postNewPalette.js
FN:3,(anonymous_0)
FN:4,(anonymous_1)
FNF:2
FNH:2
FNDA:2,(anonymous_0)
FNDA:2,(anonymous_1)
DA:3,3
DA:4,2
DA:5,2
DA:6,2
DA:7,2
DA:8,2
DA:9,1
DA:11,1
DA:12,1
DA:22,1
DA:24,1
LF:11
LH:11
BRDA:8,0,0,1
BRDA:8,0,1,1
BRF:2
BRH:2
end_of_record
TN:
SF:/Users/jessicahansen/turing/mod4/palette-picker/FE-Palette-Picker/src/thunks/postNewProject.js
FN:3,(anonymous_0)
FN:4,(anonymous_1)
FNF:2
FNH:2
FNDA:3,(anonymous_0)
FNDA:2,(anonymous_1)
DA:3,3
DA:4,3
DA:5,2
DA:6,2
DA:7,2
DA:8,2
DA:9,1
DA:11,1
DA:12,1
DA:16,1
DA:18,1
LF:11
LH:11
BRDA:8,0,0,1
BRDA:8,0,1,1
BRF:2
BRH:2
end_of_record
TN:
SF:/Users/jessicahansen/turing/mod4/palette-picker/FE-Palette-Picker/src/utils/fetchOptionsCreator.js
FN:1,(anonymous_0)
FNF:1
FNH:1
FNDA:4,(anonymous_0)
DA:1,6
LF:1
LH:1
BRF:0
BRH:0
end_of_record
